GROUP,PACKAGE,CLASS,INSTRUCTION_MISSED,INSTRUCTION_COVERED,BRANCH_MISSED,BRANCH_COVERED,LINE_MISSED,LINE_COVERED,COMPLEXITY_MISSED,COMPLEXITY_COVERED,METHOD_MISSED,METHOD_COVERED
,com.example.dynamicconfigdemo.controller,ConfigController,57,6,0,0,12,3,3,1,3,1
,com.example.dynamicconfigdemo,DynamicConfigDemoApplication,5,3,0,0,2,1,1,1,1,1
,com.example.dynamicconfigdemo.service,ConfigService,48,84,8,12,10,20,6,8,1,3
,com.example.dynamicconfigdemo.service,ConfigService.ConfigResolution,0,8,0,0,0,2,0,1,0,1
