-------------------------------------------------------------------------------
Test set: com.example.dynamicconfigdemo.DynamicConfigDemoApplicationTests
-------------------------------------------------------------------------------
Tests run: 18, Failures: 0, Errors: 5, Skipped: 0, Time elapsed: 62.74 s <<< FAILURE! -- in com.example.dynamicconfigdemo.DynamicConfigDemoApplicationTests
com.example.dynamicconfigdemo.DynamicConfigDemoApplicationTests.fuzzDynamicConfiguration(String, String, String, String, String, String)[3] -- Time elapsed: 8.329 s <<< ERROR!
com.code_intelligence.jazzer.junit.FuzzTestFindingException: java.lang.StackOverflowError
	at com.code_intelligence.jazzer.junit.FuzzTestExtensions.runWithHooks(FuzzTestExtensions.java:127)
	at com.code_intelligence.jazzer.junit.FuzzTestExtensions.interceptTestTemplateMethod(FuzzTestExtensions.java:82)
	at org.junit.jupiter.engine.execution.InterceptingExecutableInvoker$ReflectiveInterceptorCall.lambda$ofVoidMethod$0(InterceptingExecutableInvoker.java:103)
	at org.junit.jupiter.engine.execution.InterceptingExecutableInvoker.lambda$invoke$0(InterceptingExecutableInvoker.java:93)
	at org.junit.jupiter.engine.execution.InvocationInterceptorChain$InterceptedInvocation.proceed(InvocationInterceptorChain.java:106)
	at org.junit.jupiter.engine.extension.TimeoutExtension.intercept(TimeoutExtension.java:156)
	at org.junit.jupiter.engine.extension.TimeoutExtension.interceptTestableMethod(TimeoutExtension.java:147)
	at org.junit.jupiter.engine.extension.TimeoutExtension.interceptTestTemplateMethod(TimeoutExtension.java:94)
	at org.junit.jupiter.engine.execution.InterceptingExecutableInvoker$ReflectiveInterceptorCall.lambda$ofVoidMethod$0(InterceptingExecutableInvoker.java:103)
	at org.junit.jupiter.engine.execution.InterceptingExecutableInvoker.lambda$invoke$0(InterceptingExecutableInvoker.java:93)
	at org.junit.jupiter.engine.execution.InvocationInterceptorChain$InterceptedInvocation.proceed(InvocationInterceptorChain.java:106)
	at org.junit.jupiter.engine.execution.InvocationInterceptorChain.proceed(InvocationInterceptorChain.java:64)
	at org.junit.jupiter.engine.execution.InvocationInterceptorChain.chainAndInvoke(InvocationInterceptorChain.java:45)
	at org.junit.jupiter.engine.execution.InvocationInterceptorChain.invoke(InvocationInterceptorChain.java:37)
	at org.junit.jupiter.engine.execution.InterceptingExecutableInvoker.invoke(InterceptingExecutableInvoker.java:92)
	at org.junit.jupiter.engine.execution.InterceptingExecutableInvoker.invoke(InterceptingExecutableInvoker.java:86)
	at org.junit.jupiter.engine.descriptor.TestMethodTestDescriptor.lambda$invokeTestMethod$7(TestMethodTestDescriptor.java:217)
	at org.junit.platform.engine.support.hierarchical.ThrowableCollector.execute(ThrowableCollector.java:73)
	at org.junit.jupiter.engine.descriptor.TestMethodTestDescriptor.invokeTestMethod(TestMethodTestDescriptor.java:213)
	at org.junit.jupiter.engine.descriptor.TestMethodTestDescriptor.execute(TestMethodTestDescriptor.java:138)
	at org.junit.jupiter.engine.descriptor.TestMethodTestDescriptor.execute(TestMethodTestDescriptor.java:68)
	at org.junit.platform.engine.support.hierarchical.NodeTestTask.lambda$executeRecursively$6(NodeTestTask.java:151)
	at org.junit.platform.engine.support.hierarchical.ThrowableCollector.execute(ThrowableCollector.java:73)
	at org.junit.platform.engine.support.hierarchical.NodeTestTask.lambda$executeRecursively$8(NodeTestTask.java:141)
	at org.junit.platform.engine.support.hierarchical.Node.around(Node.java:137)
	at org.junit.platform.engine.support.hierarchical.NodeTestTask.lambda$executeRecursively$9(NodeTestTask.java:139)
	at org.junit.platform.engine.support.hierarchical.ThrowableCollector.execute(ThrowableCollector.java:73)
	at org.junit.platform.engine.support.hierarchical.NodeTestTask.executeRecursively(NodeTestTask.java:138)
	at org.junit.platform.engine.support.hierarchical.NodeTestTask.execute(NodeTestTask.java:95)
	at org.junit.platform.engine.support.hierarchical.SameThreadHierarchicalTestExecutorService.submit(SameThreadHierarchicalTestExecutorService.java:35)
	at org.junit.platform.engine.support.hierarchical.NodeTestTask$DefaultDynamicTestExecutor.execute(NodeTestTask.java:226)
	at org.junit.platform.engine.support.hierarchical.NodeTestTask$DefaultDynamicTestExecutor.execute(NodeTestTask.java:204)
	at org.junit.jupiter.engine.descriptor.TestTemplateTestDescriptor.execute(TestTemplateTestDescriptor.java:142)
	at org.junit.jupiter.engine.descriptor.TestTemplateTestDescriptor.lambda$execute$2(TestTemplateTestDescriptor.java:110)
	at java.base/java.util.stream.ForEachOps$ForEachOp$OfRef.accept(ForEachOps.java:183)
	at java.base/java.util.stream.ReferencePipeline$3$1.accept(ReferencePipeline.java:197)
	at java.base/java.util.stream.ReferencePipeline$2$1.accept(ReferencePipeline.java:179)
	at java.base/java.util.stream.ReferencePipeline$3$1.accept(ReferencePipeline.java:197)
	at java.base/java.util.stream.ForEachOps$ForEachOp$OfRef.accept(ForEachOps.java:183)
	at java.base/java.util.stream.ReferencePipeline$3$1.accept(ReferencePipeline.java:197)
	at java.base/java.util.stream.ReferencePipeline$3$1.accept(ReferencePipeline.java:197)
	at java.base/java.util.stream.ReferencePipeline$3$1.accept(ReferencePipeline.java:197)
	at java.base/java.util.stream.ForEachOps$ForEachOp$OfRef.accept(ForEachOps.java:183)
	at java.base/java.util.stream.ReferencePipeline$3$1.accept(ReferencePipeline.java:197)
	at java.base/java.util.Spliterators$ArraySpliterator.forEachRemaining(Spliterators.java:992)
	at java.base/java.util.stream.ReferencePipeline$Head.forEach(ReferencePipeline.java:762)
	at java.base/java.util.stream.ReferencePipeline$7$1.accept(ReferencePipeline.java:276)
	at java.base/java.util.stream.ReferencePipeline$3$1.accept(ReferencePipeline.java:197)
	at java.base/java.util.stream.ReferencePipeline$3$1.accept(ReferencePipeline.java:197)
	at java.base/java.util.Spliterators$ArraySpliterator.forEachRemaining(Spliterators.java:992)
	at java.base/java.util.stream.AbstractPipeline.copyInto(AbstractPipeline.java:509)
	at java.base/java.util.stream.AbstractPipeline.wrapAndCopyInto(AbstractPipeline.java:499)
	at java.base/java.util.stream.ForEachOps$ForEachOp.evaluateSequential(ForEachOps.java:150)
	at java.base/java.util.stream.ForEachOps$ForEachOp$OfRef.evaluateSequential(ForEachOps.java:173)
	at java.base/java.util.stream.AbstractPipeline.evaluate(AbstractPipeline.java:234)
	at java.base/java.util.stream.ReferencePipeline.forEach(ReferencePipeline.java:596)
	at java.base/java.util.stream.ReferencePipeline$7$1.accept(ReferencePipeline.java:276)
	at java.base/java.util.stream.ReferencePipeline$3$1.accept(ReferencePipeline.java:197)
	at java.base/java.util.stream.ReferencePipeline$3$1.accept(ReferencePipeline.java:197)
	at java.base/java.util.stream.ReferencePipeline$3$1.accept(ReferencePipeline.java:197)
	at java.base/java.util.ArrayList$ArrayListSpliterator.forEachRemaining(ArrayList.java:1625)
	at java.base/java.util.stream.AbstractPipeline.copyInto(AbstractPipeline.java:509)
	at java.base/java.util.stream.AbstractPipeline.wrapAndCopyInto(AbstractPipeline.java:499)
	at java.base/java.util.stream.ForEachOps$ForEachOp.evaluateSequential(ForEachOps.java:150)
	at java.base/java.util.stream.ForEachOps$ForEachOp$OfRef.evaluateSequential(ForEachOps.java:173)
	at java.base/java.util.stream.AbstractPipeline.evaluate(AbstractPipeline.java:234)
	at java.base/java.util.stream.ReferencePipeline.forEach(ReferencePipeline.java:596)
	at java.base/java.util.stream.ReferencePipeline$7$1.accept(ReferencePipeline.java:276)
	at java.base/java.util.ArrayList$ArrayListSpliterator.forEachRemaining(ArrayList.java:1625)
	at java.base/java.util.stream.AbstractPipeline.copyInto(AbstractPipeline.java:509)
	at java.base/java.util.stream.AbstractPipeline.wrapAndCopyInto(AbstractPipeline.java:499)
	at java.base/java.util.stream.ForEachOps$ForEachOp.evaluateSequential(ForEachOps.java:150)
	at java.base/java.util.stream.ForEachOps$ForEachOp$OfRef.evaluateSequential(ForEachOps.java:173)
	at java.base/java.util.stream.AbstractPipeline.evaluate(AbstractPipeline.java:234)
	at java.base/java.util.stream.ReferencePipeline.forEach(ReferencePipeline.java:596)
	at org.junit.jupiter.engine.descriptor.TestTemplateTestDescriptor.execute(TestTemplateTestDescriptor.java:110)
	at org.junit.jupiter.engine.descriptor.TestTemplateTestDescriptor.execute(TestTemplateTestDescriptor.java:44)
	at org.junit.platform.engine.support.hierarchical.NodeTestTask.lambda$executeRecursively$6(NodeTestTask.java:151)
	at org.junit.platform.engine.support.hierarchical.ThrowableCollector.execute(ThrowableCollector.java:73)
	at org.junit.platform.engine.support.hierarchical.NodeTestTask.lambda$executeRecursively$8(NodeTestTask.java:141)
	at org.junit.platform.engine.support.hierarchical.Node.around(Node.java:137)
	at org.junit.platform.engine.support.hierarchical.NodeTestTask.lambda$executeRecursively$9(NodeTestTask.java:139)
	at org.junit.platform.engine.support.hierarchical.ThrowableCollector.execute(ThrowableCollector.java:73)
	at org.junit.platform.engine.support.hierarchical.NodeTestTask.executeRecursively(NodeTestTask.java:138)
	at org.junit.platform.engine.support.hierarchical.NodeTestTask.execute(NodeTestTask.java:95)
	at java.base/java.util.ArrayList.forEach(ArrayList.java:1511)
	at org.junit.platform.engine.support.hierarchical.SameThreadHierarchicalTestExecutorService.invokeAll(SameThreadHierarchicalTestExecutorService.java:41)
	at org.junit.platform.engine.support.hierarchical.NodeTestTask.lambda$executeRecursively$6(NodeTestTask.java:155)
	at org.junit.platform.engine.support.hierarchical.ThrowableCollector.execute(ThrowableCollector.java:73)
	at org.junit.platform.engine.support.hierarchical.NodeTestTask.lambda$executeRecursively$8(NodeTestTask.java:141)
	at org.junit.platform.engine.support.hierarchical.Node.around(Node.java:137)
	at org.junit.platform.engine.support.hierarchical.NodeTestTask.lambda$executeRecursively$9(NodeTestTask.java:139)
	at org.junit.platform.engine.support.hierarchical.ThrowableCollector.execute(ThrowableCollector.java:73)
	at org.junit.platform.engine.support.hierarchical.NodeTestTask.executeRecursively(NodeTestTask.java:138)
	at org.junit.platform.engine.support.hierarchical.NodeTestTask.execute(NodeTestTask.java:95)
	at java.base/java.util.ArrayList.forEach(ArrayList.java:1511)
	at org.junit.platform.engine.support.hierarchical.SameThreadHierarchicalTestExecutorService.invokeAll(SameThreadHierarchicalTestExecutorService.java:41)
	at org.junit.platform.engine.support.hierarchical.NodeTestTask.lambda$executeRecursively$6(NodeTestTask.java:155)
	at org.junit.platform.engine.support.hierarchical.ThrowableCollector.execute(ThrowableCollector.java:73)
	at org.junit.platform.engine.support.hierarchical.NodeTestTask.lambda$executeRecursively$8(NodeTestTask.java:141)
	at org.junit.platform.engine.support.hierarchical.Node.around(Node.java:137)
	at org.junit.platform.engine.support.hierarchical.NodeTestTask.lambda$executeRecursively$9(NodeTestTask.java:139)
	at org.junit.platform.engine.support.hierarchical.ThrowableCollector.execute(ThrowableCollector.java:73)
	at org.junit.platform.engine.support.hierarchical.NodeTestTask.executeRecursively(NodeTestTask.java:138)
	at org.junit.platform.engine.support.hierarchical.NodeTestTask.execute(NodeTestTask.java:95)
	at org.junit.platform.engine.support.hierarchical.SameThreadHierarchicalTestExecutorService.submit(SameThreadHierarchicalTestExecutorService.java:35)
	at org.junit.platform.engine.support.hierarchical.HierarchicalTestExecutor.execute(HierarchicalTestExecutor.java:57)
	at org.junit.platform.engine.support.hierarchical.HierarchicalTestEngine.execute(HierarchicalTestEngine.java:54)
	at org.junit.platform.launcher.core.EngineExecutionOrchestrator.execute(EngineExecutionOrchestrator.java:147)
	at org.junit.platform.launcher.core.EngineExecutionOrchestrator.execute(EngineExecutionOrchestrator.java:127)
	at org.junit.platform.launcher.core.EngineExecutionOrchestrator.execute(EngineExecutionOrchestrator.java:90)
	at org.junit.platform.launcher.core.EngineExecutionOrchestrator.lambda$execute$0(EngineExecutionOrchestrator.java:55)
	at org.junit.platform.launcher.core.EngineExecutionOrchestrator.withInterceptedStreams(EngineExecutionOrchestrator.java:102)
	at org.junit.platform.launcher.core.EngineExecutionOrchestrator.execute(EngineExecutionOrchestrator.java:54)
	at org.junit.platform.launcher.core.DefaultLauncher.execute(DefaultLauncher.java:114)
	at org.junit.platform.launcher.core.DefaultLauncher.execute(DefaultLauncher.java:86)
	at org.junit.platform.launcher.core.DefaultLauncherSession$DelegatingLauncher.execute(DefaultLauncherSession.java:86)
	at org.apache.maven.surefire.junitplatform.LauncherAdapter.executeWithoutCancellationToken(LauncherAdapter.java:60)
	at org.apache.maven.surefire.junitplatform.LauncherAdapter.execute(LauncherAdapter.java:52)
	at org.apache.maven.surefire.junitplatform.JUnitPlatformProvider.execute(JUnitPlatformProvider.java:203)
	at org.apache.maven.surefire.junitplatform.JUnitPlatformProvider.invokeAllTests(JUnitPlatformProvider.java:168)
	at org.apache.maven.surefire.junitplatform.JUnitPlatformProvider.invoke(JUnitPlatformProvider.java:136)
	at org.apache.maven.surefire.booter.ForkedBooter.runSuitesInProcess(ForkedBooter.java:385)
	at org.apache.maven.surefire.booter.ForkedBooter.execute(ForkedBooter.java:162)
	at org.apache.maven.surefire.booter.ForkedBooter.run(ForkedBooter.java:507)
	at org.apache.maven.surefire.booter.ForkedBooter.main(ForkedBooter.java:495)
Caused by: java.lang.StackOverflowError
	at org.hibernate.sql.results.jdbc.internal.DeferredResultSetAccess.executeQuery(DeferredResultSetAccess.java:257)
	at org.hibernate.sql.results.jdbc.internal.DeferredResultSetAccess.getResultSet(DeferredResultSetAccess.java:163)
	at org.hibernate.sql.results.jdbc.internal.JdbcValuesResultSetImpl.advanceNext(JdbcValuesResultSetImpl.java:254)
	at org.hibernate.sql.results.jdbc.internal.JdbcValuesResultSetImpl.processNext(JdbcValuesResultSetImpl.java:134)
	at org.hibernate.sql.results.jdbc.internal.AbstractJdbcValues.next(AbstractJdbcValues.java:19)
	at org.hibernate.sql.results.internal.RowProcessingStateStandardImpl.next(RowProcessingStateStandardImpl.java:66)
	at org.hibernate.sql.results.spi.ListResultsConsumer.consume(ListResultsConsumer.java:198)
	at org.hibernate.sql.results.spi.ListResultsConsumer.consume(ListResultsConsumer.java:33)
	at org.hibernate.sql.exec.internal.JdbcSelectExecutorStandardImpl.doExecuteQuery(JdbcSelectExecutorStandardImpl.java:361)
	at org.hibernate.sql.exec.internal.JdbcSelectExecutorStandardImpl.executeQuery(JdbcSelectExecutorStandardImpl.java:168)
	at org.hibernate.sql.exec.internal.JdbcSelectExecutorStandardImpl.list(JdbcSelectExecutorStandardImpl.java:93)
	at org.hibernate.sql.exec.spi.JdbcSelectExecutor.list(JdbcSelectExecutor.java:31)
	at org.hibernate.query.sqm.internal.ConcreteSqmSelectQueryPlan.lambda$new$0(ConcreteSqmSelectQueryPlan.java:110)
	at org.hibernate.query.sqm.internal.ConcreteSqmSelectQueryPlan.withCacheableSqmInterpretation(ConcreteSqmSelectQueryPlan.java:303)
	at org.hibernate.query.sqm.internal.ConcreteSqmSelectQueryPlan.performList(ConcreteSqmSelectQueryPlan.java:244)
	at org.hibernate.query.sqm.internal.QuerySqmImpl.doList(QuerySqmImpl.java:518)
	at org.hibernate.query.spi.AbstractSelectionQuery.list(AbstractSelectionQuery.java:367)
	at org.hibernate.query.spi.AbstractSelectionQuery.getSingleResult(AbstractSelectionQuery.java:473)
	at jdk.internal.reflect.GeneratedMethodAccessor67.invoke(Unknown Source)
	at java.base/jdk.internal.reflect.DelegatingMethodAccessorImpl.invoke(DelegatingMethodAccessorImpl.java:43)
	at java.base/java.lang.reflect.Method.invoke(Method.java:569)
	at org.springframework.orm.jpa.SharedEntityManagerCreator$DeferredQueryInvocationHandler.invoke(SharedEntityManagerCreator.java:408)
	at jdk.proxy2/jdk.proxy2.$Proxy173.getSingleResult(Unknown Source)
	at org.springframework.data.jpa.repository.query.JpaQueryExecution$SingleEntityExecution.doExecute(JpaQueryExecution.java:223)
	at org.springframework.data.jpa.repository.query.JpaQueryExecution.execute(JpaQueryExecution.java:92)
	at org.springframework.data.jpa.repository.query.AbstractJpaQuery.doExecute(AbstractJpaQuery.java:149)
	at org.springframework.data.jpa.repository.query.AbstractJpaQuery.execute(AbstractJpaQuery.java:137)
	at org.springframework.data.repository.core.support.RepositoryMethodInvoker.doInvoke(RepositoryMethodInvoker.java:136)
	at org.springframework.data.repository.core.support.RepositoryMethodInvoker.invoke(RepositoryMethodInvoker.java:120)
	at org.springframework.data.repository.core.support.QueryExecutorMethodInterceptor.doInvoke(QueryExecutorMethodInterceptor.java:164)
	at org.springframework.data.repository.core.support.QueryExecutorMethodInterceptor.invoke(QueryExecutorMethodInterceptor.java:143)
	at org.springframework.aop.framework.ReflectiveMethodInvocation.proceed(ReflectiveMethodInvocation.java:184)
	at org.springframework.data.projection.DefaultMethodInvokingMethodInterceptor.invoke(DefaultMethodInvokingMethodInterceptor.java:70)
	at org.springframework.aop.framework.ReflectiveMethodInvocation.proceed(ReflectiveMethodInvocation.java:184)
	at org.springframework.transaction.interceptor.TransactionInterceptor$1.proceedWithInvocation(TransactionInterceptor.java:123)
	at org.springframework.transaction.interceptor.TransactionAspectSupport.invokeWithinTransaction(TransactionAspectSupport.java:391)
	at org.springframework.transaction.interceptor.TransactionInterceptor.invoke(TransactionInterceptor.java:119)
	at org.springframework.aop.framework.ReflectiveMethodInvocation.proceed(ReflectiveMethodInvocation.java:184)
	at org.springframework.dao.support.PersistenceExceptionTranslationInterceptor.invoke(PersistenceExceptionTranslationInterceptor.java:137)
	at org.springframework.aop.framework.ReflectiveMethodInvocation.proceed(ReflectiveMethodInvocation.java:184)
	at org.springframework.data.jpa.repository.support.CrudMethodMetadataPostProcessor$CrudMethodMetadataPopulatingMethodInterceptor.invoke(CrudMethodMetadataPostProcessor.java:135)
	at org.springframework.aop.framework.ReflectiveMethodInvocation.proceed(ReflectiveMethodInvocation.java:184)
	at org.springframework.aop.interceptor.ExposeInvocationInterceptor.invoke(ExposeInvocationInterceptor.java:97)
	at org.springframework.aop.framework.ReflectiveMethodInvocation.proceed(ReflectiveMethodInvocation.java:184)
	at org.springframework.aop.framework.JdkDynamicAopProxy.invoke(JdkDynamicAopProxy.java:244)
	at jdk.proxy2/jdk.proxy2.$Proxy129.findByConfigKey(Unknown Source)
	at com.example.dynamicconfigdemo.service.ConfigService.resolveConfigWithHistory(ConfigService.java:66)
	at com.example.dynamicconfigdemo.service.ConfigService.resolveConfigWithHistory(ConfigService.java:76)
	at com.example.dynamicconfigdemo.service.ConfigService.resolveConfigWithHistory(ConfigService.java:76)
	at com.example.dynamicconfigdemo.service.ConfigService.resolveConfigWithHistory(ConfigService.java:76)
	at com.example.dynamicconfigdemo.service.ConfigService.resolveConfigWithHistory(ConfigService.java:76)
	at com.example.dynamicconfigdemo.service.ConfigService.resolveConfigWithHistory(ConfigService.java:76)
	at com.example.dynamicconfigdemo.service.ConfigService.resolveConfigWithHistory(ConfigService.java:76)
	at com.example.dynamicconfigdemo.service.ConfigService.resolveConfigWithHistory(ConfigService.java:76)
	at com.example.dynamicconfigdemo.service.ConfigService.resolveConfigWithHistory(ConfigService.java:76)
	at com.example.dynamicconfigdemo.service.ConfigService.resolveConfigWithHistory(ConfigService.java:76)
	at com.example.dynamicconfigdemo.service.ConfigService.resolveConfigWithHistory(ConfigService.java:76)
	at com.example.dynamicconfigdemo.service.ConfigService.resolveConfigWithHistory(ConfigService.java:76)
	at com.example.dynamicconfigdemo.service.ConfigService.resolveConfigWithHistory(ConfigService.java:76)
	at com.example.dynamicconfigdemo.service.ConfigService.resolveConfigWithHistory(ConfigService.java:76)
	at com.example.dynamicconfigdemo.service.ConfigService.resolveConfigWithHistory(ConfigService.java:76)
	at com.example.dynamicconfigdemo.service.ConfigService.resolveConfigWithHistory(ConfigService.java:76)
	at com.example.dynamicconfigdemo.service.ConfigService.resolveConfigWithHistory(ConfigService.java:76)
	at com.example.dynamicconfigdemo.service.ConfigService.resolveConfigWithHistory(ConfigService.java:76)
	at com.example.dynamicconfigdemo.service.ConfigService.resolveConfigWithHistory(ConfigService.java:76)
	at com.example.dynamicconfigdemo.service.ConfigService.resolveConfigWithHistory(ConfigService.java:76)
	at com.example.dynamicconfigdemo.service.ConfigService.resolveConfigWithHistory(ConfigService.java:76)
	at com.example.dynamicconfigdemo.service.ConfigService.resolveConfigWithHistory(ConfigService.java:76)
	at com.example.dynamicconfigdemo.service.ConfigService.resolveConfigWithHistory(ConfigService.java:76)
	at com.example.dynamicconfigdemo.service.ConfigService.resolveConfigWithHistory(ConfigService.java:76)
	at com.example.dynamicconfigdemo.service.ConfigService.resolveConfigWithHistory(ConfigService.java:76)
	at com.example.dynamicconfigdemo.service.ConfigService.resolveConfigWithHistory(ConfigService.java:76)
	at com.example.dynamicconfigdemo.service.ConfigService.resolveConfigWithHistory(ConfigService.java:76)
	at com.example.dynamicconfigdemo.service.ConfigService.resolveConfigWithHistory(ConfigService.java:76)
	at com.example.dynamicconfigdemo.service.ConfigService.resolveConfigWithHistory(ConfigService.java:76)
	at com.example.dynamicconfigdemo.service.ConfigService.resolveConfigWithHistory(ConfigService.java:76)
	at com.example.dynamicconfigdemo.service.ConfigService.resolveConfigWithHistory(ConfigService.java:76)
	at com.example.dynamicconfigdemo.service.ConfigService.resolveConfigWithHistory(ConfigService.java:76)
	at com.example.dynamicconfigdemo.service.ConfigService.resolveConfigWithHistory(ConfigService.java:76)
	at com.example.dynamicconfigdemo.service.ConfigService.resolveConfigWithHistory(ConfigService.java:76)
	at com.example.dynamicconfigdemo.service.ConfigService.resolveConfigWithHistory(ConfigService.java:76)
	at com.example.dynamicconfigdemo.service.ConfigService.resolveConfigWithHistory(ConfigService.java:76)
	at com.example.dynamicconfigdemo.service.ConfigService.resolveConfigWithHistory(ConfigService.java:76)
	at com.example.dynamicconfigdemo.service.ConfigService.resolveConfigWithHistory(ConfigService.java:76)
	at com.example.dynamicconfigdemo.service.ConfigService.resolveConfigWithHistory(ConfigService.java:76)
	at com.example.dynamicconfigdemo.service.ConfigService.resolveConfigWithHistory(ConfigService.java:76)
	at com.example.dynamicconfigdemo.service.ConfigService.resolveConfigWithHistory(ConfigService.java:76)
	at com.example.dynamicconfigdemo.service.ConfigService.resolveConfigWithHistory(ConfigService.java:76)
	at com.example.dynamicconfigdemo.service.ConfigService.resolveConfigWithHistory(ConfigService.java:76)
	at com.example.dynamicconfigdemo.service.ConfigService.resolveConfigWithHistory(ConfigService.java:76)
	at com.example.dynamicconfigdemo.service.ConfigService.resolveConfigWithHistory(ConfigService.java:76)
	at com.example.dynamicconfigdemo.service.ConfigService.resolveConfigWithHistory(ConfigService.java:76)
	at com.example.dynamicconfigdemo.service.ConfigService.resolveConfigWithHistory(ConfigService.java:76)
	at com.example.dynamicconfigdemo.service.ConfigService.resolveConfigWithHistory(ConfigService.java:76)
	at com.example.dynamicconfigdemo.service.ConfigService.resolveConfigWithHistory(ConfigService.java:76)
	at com.example.dynamicconfigdemo.service.ConfigService.resolveConfigWithHistory(ConfigService.java:76)
	at com.example.dynamicconfigdemo.service.ConfigService.resolveConfigWithHistory(ConfigService.java:76)
	at com.example.dynamicconfigdemo.service.ConfigService.resolveConfigWithHistory(ConfigService.java:76)
	at com.example.dynamicconfigdemo.service.ConfigService.resolveConfigWithHistory(ConfigService.java:76)
	at com.example.dynamicconfigdemo.service.ConfigService.resolveConfigWithHistory(ConfigService.java:76)
	at com.example.dynamicconfigdemo.service.ConfigService.resolveConfigWithHistory(ConfigService.java:76)
	at com.example.dynamicconfigdemo.service.ConfigService.resolveConfigWithHistory(ConfigService.java:76)
	at com.example.dynamicconfigdemo.service.ConfigService.resolveConfigWithHistory(ConfigService.java:76)
	at com.example.dynamicconfigdemo.service.ConfigService.resolveConfigWithHistory(ConfigService.java:76)
	at com.example.dynamicconfigdemo.service.ConfigService.resolveConfigWithHistory(ConfigService.java:76)
	at com.example.dynamicconfigdemo.service.ConfigService.resolveConfigWithHistory(ConfigService.java:76)
	at com.example.dynamicconfigdemo.service.ConfigService.resolveConfigWithHistory(ConfigService.java:76)
	at com.example.dynamicconfigdemo.service.ConfigService.resolveConfigWithHistory(ConfigService.java:76)
	at com.example.dynamicconfigdemo.service.ConfigService.resolveConfigWithHistory(ConfigService.java:76)
	at com.example.dynamicconfigdemo.service.ConfigService.resolveConfigWithHistory(ConfigService.java:76)
	at com.example.dynamicconfigdemo.service.ConfigService.resolveConfigWithHistory(ConfigService.java:76)
	at com.example.dynamicconfigdemo.service.ConfigService.resolveConfigWithHistory(ConfigService.java:76)
	at com.example.dynamicconfigdemo.service.ConfigService.resolveConfigWithHistory(ConfigService.java:76)
	at com.example.dynamicconfigdemo.service.ConfigService.resolveConfigWithHistory(ConfigService.java:76)
	at com.example.dynamicconfigdemo.service.ConfigService.resolveConfigWithHistory(ConfigService.java:76)
	at com.example.dynamicconfigdemo.service.ConfigService.resolveConfigWithHistory(ConfigService.java:76)
	at com.example.dynamicconfigdemo.service.ConfigService.resolveConfigWithHistory(ConfigService.java:76)
	at com.example.dynamicconfigdemo.service.ConfigService.resolveConfigWithHistory(ConfigService.java:76)
	at com.example.dynamicconfigdemo.service.ConfigService.resolveConfigWithHistory(ConfigService.java:76)
	at com.example.dynamicconfigdemo.service.ConfigService.resolveConfigWithHistory(ConfigService.java:76)
	at com.example.dynamicconfigdemo.service.ConfigService.resolveConfigWithHistory(ConfigService.java:76)
	at com.example.dynamicconfigdemo.service.ConfigService.resolveConfigWithHistory(ConfigService.java:76)
	at com.example.dynamicconfigdemo.service.ConfigService.resolveConfigWithHistory(ConfigService.java:76)
	at com.example.dynamicconfigdemo.service.ConfigService.resolveConfigWithHistory(ConfigService.java:76)
	at com.example.dynamicconfigdemo.service.ConfigService.resolveConfigWithHistory(ConfigService.java:76)
	at com.example.dynamicconfigdemo.service.ConfigService.resolveConfigWithHistory(ConfigService.java:76)
	at com.example.dynamicconfigdemo.service.ConfigService.resolveConfigWithHistory(ConfigService.java:76)
	at com.example.dynamicconfigdemo.service.ConfigService.resolveConfigWithHistory(ConfigService.java:76)
	at com.example.dynamicconfigdemo.service.ConfigService.resolveConfigWithHistory(ConfigService.java:76)
	at com.example.dynamicconfigdemo.service.ConfigService.resolveConfigWithHistory(ConfigService.java:76)
	at com.example.dynamicconfigdemo.service.ConfigService.resolveConfigWithHistory(ConfigService.java:76)
	at com.example.dynamicconfigdemo.service.ConfigService.resolveConfigWithHistory(ConfigService.java:76)
	at com.example.dynamicconfigdemo.service.ConfigService.resolveConfigWithHistory(ConfigService.java:76)
	at com.example.dynamicconfigdemo.service.ConfigService.resolveConfigWithHistory(ConfigService.java:76)
	at com.example.dynamicconfigdemo.service.ConfigService.resolveConfigWithHistory(ConfigService.java:76)
	at com.example.dynamicconfigdemo.service.ConfigService.resolveConfigWithHistory(ConfigService.java:76)
	at com.example.dynamicconfigdemo.service.ConfigService.resolveConfigWithHistory(ConfigService.java:76)
	at com.example.dynamicconfigdemo.service.ConfigService.resolveConfigWithHistory(ConfigService.java:76)
	at com.example.dynamicconfigdemo.service.ConfigService.resolveConfigWithHistory(ConfigService.java:76)
	at com.example.dynamicconfigdemo.service.ConfigService.resolveConfigWithHistory(ConfigService.java:76)
	at com.example.dynamicconfigdemo.service.ConfigService.resolveConfigWithHistory(ConfigService.java:76)
	at com.example.dynamicconfigdemo.service.ConfigService.resolveConfigWithHistory(ConfigService.java:76)
	at com.example.dynamicconfigdemo.service.ConfigService.resolveConfigWithHistory(ConfigService.java:76)
	at com.example.dynamicconfigdemo.service.ConfigService.resolveConfigWithHistory(ConfigService.java:76)
	at com.example.dynamicconfigdemo.service.ConfigService.resolveConfigWithHistory(ConfigService.java:76)
	at com.example.dynamicconfigdemo.service.ConfigService.resolveConfigWithHistory(ConfigService.java:76)
	at com.example.dynamicconfigdemo.service.ConfigService.resolveConfigWithHistory(ConfigService.java:76)
	at com.example.dynamicconfigdemo.service.ConfigService.resolveConfigWithHistory(ConfigService.java:76)
	at com.example.dynamicconfigdemo.service.ConfigService.resolveConfigWithHistory(ConfigService.java:76)
	at com.example.dynamicconfigdemo.service.ConfigService.resolveConfigWithHistory(ConfigService.java:76)
	at com.example.dynamicconfigdemo.service.ConfigService.resolveConfigWithHistory(ConfigService.java:76)
	at com.example.dynamicconfigdemo.service.ConfigService.resolveConfigWithHistory(ConfigService.java:76)
	at com.example.dynamicconfigdemo.service.ConfigService.resolveConfigWithHistory(ConfigService.java:76)
	at com.example.dynamicconfigdemo.service.ConfigService.resolveConfigWithHistory(ConfigService.java:76)
	at com.example.dynamicconfigdemo.service.ConfigService.resolveConfigWithHistory(ConfigService.java:76)
	at com.example.dynamicconfigdemo.service.ConfigService.resolveConfigWithHistory(ConfigService.java:76)
	at com.example.dynamicconfigdemo.service.ConfigService.resolveConfigWithHistory(ConfigService.java:76)
	at com.example.dynamicconfigdemo.service.ConfigService.resolveConfigWithHistory(ConfigService.java:76)
	at com.example.dynamicconfigdemo.service.ConfigService.resolveConfigWithHistory(ConfigService.java:76)
	at com.example.dynamicconfigdemo.service.ConfigService.resolveConfigWithHistory(ConfigService.java:76)
	at com.example.dynamicconfigdemo.service.ConfigService.resolveConfigWithHistory(ConfigService.java:76)
	at com.example.dynamicconfigdemo.service.ConfigService.resolveConfigWithHistory(ConfigService.java:76)
	at com.example.dynamicconfigdemo.service.ConfigService.resolveConfigWithHistory(ConfigService.java:76)
	at com.example.dynamicconfigdemo.service.ConfigService.resolveConfigWithHistory(ConfigService.java:76)
	at com.example.dynamicconfigdemo.service.ConfigService.resolveConfigWithHistory(ConfigService.java:76)
	at com.example.dynamicconfigdemo.service.ConfigService.resolveConfigWithHistory(ConfigService.java:76)
	at com.example.dynamicconfigdemo.service.ConfigService.resolveConfigWithHistory(ConfigService.java:76)
	at com.example.dynamicconfigdemo.service.ConfigService.resolveConfigWithHistory(ConfigService.java:76)
	at com.example.dynamicconfigdemo.service.ConfigService.resolveConfigWithHistory(ConfigService.java:76)
	at com.example.dynamicconfigdemo.service.ConfigService.resolveConfigWithHistory(ConfigService.java:76)
	at com.example.dynamicconfigdemo.service.ConfigService.resolveConfigWithHistory(ConfigService.java:76)
	at com.example.dynamicconfigdemo.service.ConfigService.resolveConfigWithHistory(ConfigService.java:76)
	at com.example.dynamicconfigdemo.service.ConfigService.resolveConfigWithHistory(ConfigService.java:76)
	at com.example.dynamicconfigdemo.service.ConfigService.resolveConfigWithHistory(ConfigService.java:76)
	at com.example.dynamicconfigdemo.service.ConfigService.resolveConfigWithHistory(ConfigService.java:76)
	at com.example.dynamicconfigdemo.service.ConfigService.resolveConfigWithHistory(ConfigService.java:76)
	at com.example.dynamicconfigdemo.service.ConfigService.resolveConfigWithHistory(ConfigService.java:76)
	at com.example.dynamicconfigdemo.service.ConfigService.resolveConfigWithHistory(ConfigService.java:76)
	at com.example.dynamicconfigdemo.service.ConfigService.resolveConfigWithHistory(ConfigService.java:76)
	at com.example.dynamicconfigdemo.service.ConfigService.resolveConfigWithHistory(ConfigService.java:76)
	at com.example.dynamicconfigdemo.service.ConfigService.resolveConfigWithHistory(ConfigService.java:76)
	at com.example.dynamicconfigdemo.service.ConfigService.resolveConfigWithHistory(ConfigService.java:76)
	at com.example.dynamicconfigdemo.service.ConfigService.resolveConfigWithHistory(ConfigService.java:76)
	at com.example.dynamicconfigdemo.service.ConfigService.resolveConfigWithHistory(ConfigService.java:76)
	at com.example.dynamicconfigdemo.service.ConfigService.resolveConfigWithHistory(ConfigService.java:76)
	at com.example.dynamicconfigdemo.service.ConfigService.resolveConfigWithHistory(ConfigService.java:76)
	at com.example.dynamicconfigdemo.service.ConfigService.resolveConfigWithHistory(ConfigService.java:76)
	at com.example.dynamicconfigdemo.service.ConfigService.resolveConfigWithHistory(ConfigService.java:76)
	at com.example.dynamicconfigdemo.service.ConfigService.resolveConfigWithHistory(ConfigService.java:76)
	at com.example.dynamicconfigdemo.service.ConfigService.resolveConfigWithHistory(ConfigService.java:76)
	at com.example.dynamicconfigdemo.service.ConfigService.resolveConfigWithHistory(ConfigService.java:76)
	at com.example.dynamicconfigdemo.service.ConfigService.resolveConfigWithHistory(ConfigService.java:76)
	at com.example.dynamicconfigdemo.service.ConfigService.resolveConfigWithHistory(ConfigService.java:76)
	at com.example.dynamicconfigdemo.service.ConfigService.resolveConfigWithHistory(ConfigService.java:76)
	at com.example.dynamicconfigdemo.service.ConfigService.resolveConfigWithHistory(ConfigService.java:76)
	at com.example.dynamicconfigdemo.service.ConfigService.resolveConfigWithHistory(ConfigService.java:76)
	at com.example.dynamicconfigdemo.service.ConfigService.resolveConfigWithHistory(ConfigService.java:76)
	at com.example.dynamicconfigdemo.service.ConfigService.resolveConfigWithHistory(ConfigService.java:76)
	at com.example.dynamicconfigdemo.service.ConfigService.resolveConfigWithHistory(ConfigService.java:76)
	at com.example.dynamicconfigdemo.service.ConfigService.resolveConfigWithHistory(ConfigService.java:76)
	at com.example.dynamicconfigdemo.service.ConfigService.resolveConfigWithHistory(ConfigService.java:76)
	at com.example.dynamicconfigdemo.service.ConfigService.resolveConfigWithHistory(ConfigService.java:76)
	at com.example.dynamicconfigdemo.service.ConfigService.resolveConfigWithHistory(ConfigService.java:76)
	at com.example.dynamicconfigdemo.service.ConfigService.resolveConfigWithHistory(ConfigService.java:76)
	at com.example.dynamicconfigdemo.service.ConfigService.resolveConfigWithHistory(ConfigService.java:76)
	at com.example.dynamicconfigdemo.service.ConfigService.resolveConfigWithHistory(ConfigService.java:76)
	at com.example.dynamicconfigdemo.service.ConfigService.resolveConfigWithHistory(ConfigService.java:76)
	at com.example.dynamicconfigdemo.service.ConfigService.resolveConfigWithHistory(ConfigService.java:76)
	at com.example.dynamicconfigdemo.service.ConfigService.resolveConfigWithHistory(ConfigService.java:76)
	at com.example.dynamicconfigdemo.service.ConfigService.resolveConfigWithHistory(ConfigService.java:76)
	at com.example.dynamicconfigdemo.service.ConfigService.resolveConfigWithHistory(ConfigService.java:76)
	at com.example.dynamicconfigdemo.service.ConfigService.resolveConfigWithHistory(ConfigService.java:76)
	at com.example.dynamicconfigdemo.service.ConfigService.resolveConfigWithHistory(ConfigService.java:76)
	at com.example.dynamicconfigdemo.service.ConfigService.resolveConfigWithHistory(ConfigService.java:76)
	at com.example.dynamicconfigdemo.service.ConfigService.resolveConfigWithHistory(ConfigService.java:76)
	at com.example.dynamicconfigdemo.service.ConfigService.resolveConfigWithHistory(ConfigService.java:76)
	at com.example.dynamicconfigdemo.service.ConfigService.resolveConfigWithHistory(ConfigService.java:76)
	at com.example.dynamicconfigdemo.service.ConfigService.resolveConfigWithHistory(ConfigService.java:76)
	at com.example.dynamicconfigdemo.service.ConfigService.resolveConfigWithHistory(ConfigService.java:76)
	at com.example.dynamicconfigdemo.service.ConfigService.resolveConfigWithHistory(ConfigService.java:76)
	at com.example.dynamicconfigdemo.service.ConfigService.resolveConfigWithHistory(ConfigService.java:76)
	at com.example.dynamicconfigdemo.service.ConfigService.resolveConfigWithHistory(ConfigService.java:76)
	at com.example.dynamicconfigdemo.service.ConfigService.resolveConfigWithHistory(ConfigService.java:76)
	at com.example.dynamicconfigdemo.service.ConfigService.resolveConfigWithHistory(ConfigService.java:76)
	at com.example.dynamicconfigdemo.service.ConfigService.resolveConfigWithHistory(ConfigService.java:76)
	at com.example.dynamicconfigdemo.service.ConfigService.resolveConfigWithHistory(ConfigService.java:76)
	at com.example.dynamicconfigdemo.service.ConfigService.resolveConfigWithHistory(ConfigService.java:76)
	at com.example.dynamicconfigdemo.service.ConfigService.resolveConfigWithHistory(ConfigService.java:76)
	at com.example.dynamicconfigdemo.service.ConfigService.resolveConfigWithHistory(ConfigService.java:76)
	at com.example.dynamicconfigdemo.service.ConfigService.resolveConfigWithHistory(ConfigService.java:76)
	at com.example.dynamicconfigdemo.service.ConfigService.resolveConfigWithHistory(ConfigService.java:76)
	at com.example.dynamicconfigdemo.service.ConfigService.resolveConfigWithHistory(ConfigService.java:76)
	at com.example.dynamicconfigdemo.service.ConfigService.resolveConfigWithHistory(ConfigService.java:76)
	at com.example.dynamicconfigdemo.service.ConfigService.resolveConfigWithHistory(ConfigService.java:76)
	at com.example.dynamicconfigdemo.service.ConfigService.resolveConfigWithHistory(ConfigService.java:76)
	at com.example.dynamicconfigdemo.service.ConfigService.resolveConfigWithHistory(ConfigService.java:76)
	at com.example.dynamicconfigdemo.service.ConfigService.resolveConfigWithHistory(ConfigService.java:76)
	at com.example.dynamicconfigdemo.service.ConfigService.resolveConfigWithHistory(ConfigService.java:76)
	at com.example.dynamicconfigdemo.service.ConfigService.resolveConfigWithHistory(ConfigService.java:76)
	at com.example.dynamicconfigdemo.service.ConfigService.resolveConfigWithHistory(ConfigService.java:76)
	at com.example.dynamicconfigdemo.service.ConfigService.resolveConfigWithHistory(ConfigService.java:76)
	at com.example.dynamicconfigdemo.service.ConfigService.resolveConfigWithHistory(ConfigService.java:76)
	at com.example.dynamicconfigdemo.service.ConfigService.resolveConfigWithHistory(ConfigService.java:76)
	at com.example.dynamicconfigdemo.service.ConfigService.resolveConfigWithHistory(ConfigService.java:76)
	at com.example.dynamicconfigdemo.service.ConfigService.resolveConfigWithHistory(ConfigService.java:76)
	at com.example.dynamicconfigdemo.service.ConfigService.resolveConfigWithHistory(ConfigService.java:76)
	at com.example.dynamicconfigdemo.service.ConfigService.resolveConfigWithHistory(ConfigService.java:76)
	at com.example.dynamicconfigdemo.service.ConfigService.resolveConfigWithHistory(ConfigService.java:76)
	at com.example.dynamicconfigdemo.service.ConfigService.resolveConfigWithHistory(ConfigService.java:76)
	at com.example.dynamicconfigdemo.service.ConfigService.resolveConfigWithHistory(ConfigService.java:76)
	at com.example.dynamicconfigdemo.service.ConfigService.resolveConfigWithHistory(ConfigService.java:76)
	at com.example.dynamicconfigdemo.service.ConfigService.resolveConfigWithHistory(ConfigService.java:76)
	at com.example.dynamicconfigdemo.service.ConfigService.resolveConfigWithHistory(ConfigService.java:76)
	at com.example.dynamicconfigdemo.service.ConfigService.resolveConfigWithHistory(ConfigService.java:76)
	at com.example.dynamicconfigdemo.service.ConfigService.resolveConfigWithHistory(ConfigService.java:76)
	at com.example.dynamicconfigdemo.service.ConfigService.resolveConfigWithHistory(ConfigService.java:76)
	at com.example.dynamicconfigdemo.service.ConfigService.resolveConfigWithHistory(ConfigService.java:76)
	at com.example.dynamicconfigdemo.service.ConfigService.resolveConfigWithHistory(ConfigService.java:76)
	at com.example.dynamicconfigdemo.service.ConfigService.resolveConfigWithHistory(ConfigService.java:76)
	at com.example.dynamicconfigdemo.service.ConfigService.resolveConfigWithHistory(ConfigService.java:76)
	at com.example.dynamicconfigdemo.service.ConfigService.resolveConfigWithHistory(ConfigService.java:76)
	at com.example.dynamicconfigdemo.service.ConfigService.resolveConfigWithHistory(ConfigService.java:76)
	at com.example.dynamicconfigdemo.service.ConfigService.resolveConfigWithHistory(ConfigService.java:76)
	at com.example.dynamicconfigdemo.service.ConfigService.resolveConfigWithHistory(ConfigService.java:76)
	at com.example.dynamicconfigdemo.service.ConfigService.resolveConfigWithHistory(ConfigService.java:76)
	at com.example.dynamicconfigdemo.service.ConfigService.resolveConfigWithHistory(ConfigService.java:76)
	at com.example.dynamicconfigdemo.service.ConfigService.resolveConfigWithHistory(ConfigService.java:76)
	at com.example.dynamicconfigdemo.service.ConfigService.resolveConfigWithHistory(ConfigService.java:76)
	at com.example.dynamicconfigdemo.service.ConfigService.resolveConfigWithHistory(ConfigService.java:76)
	at com.example.dynamicconfigdemo.service.ConfigService.resolveConfigWithHistory(ConfigService.java:76)
	at com.example.dynamicconfigdemo.service.ConfigService.resolveConfigWithHistory(ConfigService.java:76)
	at com.example.dynamicconfigdemo.service.ConfigService.resolveConfigWithHistory(ConfigService.java:76)
	at com.example.dynamicconfigdemo.service.ConfigService.resolveConfigWithHistory(ConfigService.java:76)
	at com.example.dynamicconfigdemo.service.ConfigService.resolveConfigWithHistory(ConfigService.java:76)
	at com.example.dynamicconfigdemo.service.ConfigService.resolveConfigWithHistory(ConfigService.java:76)
	at com.example.dynamicconfigdemo.service.ConfigService.resolveConfigWithHistory(ConfigService.java:76)
	at com.example.dynamicconfigdemo.service.ConfigService.resolveConfigWithHistory(ConfigService.java:76)
	at com.example.dynamicconfigdemo.service.ConfigService.resolveConfigWithHistory(ConfigService.java:76)
	at com.example.dynamicconfigdemo.service.ConfigService.resolveConfigWithHistory(ConfigService.java:76)
	at com.example.dynamicconfigdemo.service.ConfigService.resolveConfigWithHistory(ConfigService.java:76)
	at com.example.dynamicconfigdemo.service.ConfigService.resolveConfigWithHistory(ConfigService.java:76)
	at com.example.dynamicconfigdemo.service.ConfigService.resolveConfigWithHistory(ConfigService.java:76)
	at com.example.dynamicconfigdemo.service.ConfigService.resolveConfigWithHistory(ConfigService.java:76)
	at com.example.dynamicconfigdemo.service.ConfigService.resolveConfigWithHistory(ConfigService.java:76)
	at com.example.dynamicconfigdemo.service.ConfigService.resolveConfigWithHistory(ConfigService.java:76)
	at com.example.dynamicconfigdemo.service.ConfigService.resolveConfigWithHistory(ConfigService.java:76)
	at com.example.dynamicconfigdemo.service.ConfigService.resolveConfigWithHistory(ConfigService.java:76)
	at com.example.dynamicconfigdemo.service.ConfigService.resolveConfigWithHistory(ConfigService.java:76)
	at com.example.dynamicconfigdemo.service.ConfigService.resolveConfigWithHistory(ConfigService.java:76)
	at com.example.dynamicconfigdemo.service.ConfigService.resolveConfigWithHistory(ConfigService.java:76)
	at com.example.dynamicconfigdemo.service.ConfigService.resolveConfigWithHistory(ConfigService.java:76)
	at com.example.dynamicconfigdemo.service.ConfigService.resolveConfigWithHistory(ConfigService.java:76)
	at com.example.dynamicconfigdemo.service.ConfigService.resolveConfigWithHistory(ConfigService.java:76)
	at com.example.dynamicconfigdemo.service.ConfigService.resolveConfigWithHistory(ConfigService.java:76)
	at com.example.dynamicconfigdemo.service.ConfigService.resolveConfigWithHistory(ConfigService.java:76)
	at com.example.dynamicconfigdemo.service.ConfigService.resolveConfigWithHistory(ConfigService.java:76)
	at com.example.dynamicconfigdemo.service.ConfigService.resolveConfigWithHistory(ConfigService.java:76)
	at com.example.dynamicconfigdemo.service.ConfigService.resolveConfigWithHistory(ConfigService.java:76)
	at com.example.dynamicconfigdemo.service.ConfigService.resolveConfigWithHistory(ConfigService.java:76)
	at com.example.dynamicconfigdemo.service.ConfigService.resolveConfigWithHistory(ConfigService.java:76)
	at com.example.dynamicconfigdemo.service.ConfigService.resolveConfigWithHistory(ConfigService.java:76)
	at com.example.dynamicconfigdemo.service.ConfigService.resolveConfigWithHistory(ConfigService.java:76)
	at com.example.dynamicconfigdemo.service.ConfigService.resolveConfigWithHistory(ConfigService.java:76)
	at com.example.dynamicconfigdemo.service.ConfigService.resolveConfigWithHistory(ConfigService.java:76)
	at com.example.dynamicconfigdemo.service.ConfigService.resolveConfigWithHistory(ConfigService.java:76)
	at com.example.dynamicconfigdemo.service.ConfigService.resolveConfigWithHistory(ConfigService.java:76)
	at com.example.dynamicconfigdemo.service.ConfigService.resolveConfigWithHistory(ConfigService.java:76)
	at com.example.dynamicconfigdemo.service.ConfigService.resolveConfigWithHistory(ConfigService.java:76)
	at com.example.dynamicconfigdemo.service.ConfigService.resolveConfigWithHistory(ConfigService.java:76)
	at com.example.dynamicconfigdemo.service.ConfigService.resolveConfigWithHistory(ConfigService.java:76)
	at com.example.dynamicconfigdemo.service.ConfigService.resolveConfigWithHistory(ConfigService.java:76)
	at com.example.dynamicconfigdemo.service.ConfigService.resolveConfigWithHistory(ConfigService.java:76)
	at com.example.dynamicconfigdemo.service.ConfigService.resolveConfigWithHistory(ConfigService.java:76)
	at com.example.dynamicconfigdemo.service.ConfigService.resolveConfigWithHistory(ConfigService.java:76)
	at com.example.dynamicconfigdemo.service.ConfigService.resolveConfigWithHistory(ConfigService.java:76)
	at com.example.dynamicconfigdemo.service.ConfigService.resolveConfigWithHistory(ConfigService.java:76)
	at com.example.dynamicconfigdemo.service.ConfigService.resolveConfigWithHistory(ConfigService.java:76)
	at com.example.dynamicconfigdemo.service.ConfigService.resolveConfigWithHistory(ConfigService.java:76)
	at com.example.dynamicconfigdemo.service.ConfigService.resolveConfigWithHistory(ConfigService.java:76)
	at com.example.dynamicconfigdemo.service.ConfigService.resolveConfigWithHistory(ConfigService.java:76)
	at com.example.dynamicconfigdemo.service.ConfigService.resolveConfigWithHistory(ConfigService.java:76)
	at com.example.dynamicconfigdemo.service.ConfigService.resolveConfigWithHistory(ConfigService.java:76)
	at com.example.dynamicconfigdemo.service.ConfigService.resolveConfigWithHistory(ConfigService.java:76)
	at com.example.dynamicconfigdemo.service.ConfigService.resolveConfigWithHistory(ConfigService.java:76)
	at com.example.dynamicconfigdemo.service.ConfigService.resolveConfigWithHistory(ConfigService.java:76)
	at com.example.dynamicconfigdemo.service.ConfigService.resolveConfigWithHistory(ConfigService.java:76)
	at com.example.dynamicconfigdemo.service.ConfigService.resolveConfigWithHistory(ConfigService.java:76)
	at com.example.dynamicconfigdemo.service.ConfigService.resolveConfigWithHistory(ConfigService.java:76)
	at com.example.dynamicconfigdemo.service.ConfigService.resolveConfigWithHistory(ConfigService.java:76)
	at com.example.dynamicconfigdemo.service.ConfigService.resolveConfigWithHistory(ConfigService.java:76)
	at com.example.dynamicconfigdemo.service.ConfigService.resolveConfigWithHistory(ConfigService.java:76)
	at com.example.dynamicconfigdemo.service.ConfigService.resolveConfigWithHistory(ConfigService.java:76)
	at com.example.dynamicconfigdemo.service.ConfigService.resolveConfigWithHistory(ConfigService.java:76)
	at com.example.dynamicconfigdemo.service.ConfigService.resolveConfigWithHistory(ConfigService.java:76)
	at com.example.dynamicconfigdemo.service.ConfigService.resolveConfigWithHistory(ConfigService.java:76)
	at com.example.dynamicconfigdemo.service.ConfigService.resolveConfigWithHistory(ConfigService.java:76)
	at com.example.dynamicconfigdemo.service.ConfigService.resolveConfigWithHistory(ConfigService.java:76)
	at com.example.dynamicconfigdemo.service.ConfigService.resolveConfigWithHistory(ConfigService.java:76)
	at com.example.dynamicconfigdemo.service.ConfigService.resolveConfigWithHistory(ConfigService.java:76)
	at com.example.dynamicconfigdemo.service.ConfigService.resolveConfigWithHistory(ConfigService.java:76)
	at com.example.dynamicconfigdemo.service.ConfigService.resolveConfigWithHistory(ConfigService.java:76)
	at com.example.dynamicconfigdemo.service.ConfigService.resolveConfigWithHistory(ConfigService.java:76)
	at com.example.dynamicconfigdemo.service.ConfigService.resolveConfigWithHistory(ConfigService.java:76)
	at com.example.dynamicconfigdemo.service.ConfigService.resolveConfigWithHistory(ConfigService.java:76)
	at com.example.dynamicconfigdemo.service.ConfigService.resolveConfigWithHistory(ConfigService.java:76)
	at com.example.dynamicconfigdemo.service.ConfigService.resolveConfigWithHistory(ConfigService.java:76)
	at com.example.dynamicconfigdemo.service.ConfigService.resolveConfigWithHistory(ConfigService.java:76)
	at com.example.dynamicconfigdemo.service.ConfigService.resolveConfigWithHistory(ConfigService.java:76)
	at com.example.dynamicconfigdemo.service.ConfigService.resolveConfigWithHistory(ConfigService.java:76)
	at com.example.dynamicconfigdemo.service.ConfigService.resolveConfigWithHistory(ConfigService.java:76)
	at com.example.dynamicconfigdemo.service.ConfigService.resolveConfigWithHistory(ConfigService.java:76)
	at com.example.dynamicconfigdemo.service.ConfigService.resolveConfigWithHistory(ConfigService.java:76)
	at com.example.dynamicconfigdemo.service.ConfigService.resolveConfigWithHistory(ConfigService.java:76)
	at com.example.dynamicconfigdemo.service.ConfigService.resolveConfigWithHistory(ConfigService.java:76)
	at com.example.dynamicconfigdemo.service.ConfigService.resolveConfigWithHistory(ConfigService.java:76)
	at com.example.dynamicconfigdemo.service.ConfigService.resolveConfigWithHistory(ConfigService.java:76)
	at com.example.dynamicconfigdemo.service.ConfigService.resolveConfigWithHistory(ConfigService.java:76)
	at com.example.dynamicconfigdemo.service.ConfigService.resolveConfigWithHistory(ConfigService.java:76)
	at com.example.dynamicconfigdemo.service.ConfigService.resolveConfigWithHistory(ConfigService.java:76)
	at com.example.dynamicconfigdemo.service.ConfigService.resolveConfigWithHistory(ConfigService.java:76)
	at com.example.dynamicconfigdemo.service.ConfigService.resolveConfigWithHistory(ConfigService.java:76)
	at com.example.dynamicconfigdemo.service.ConfigService.resolveConfigWithHistory(ConfigService.java:76)
	at com.example.dynamicconfigdemo.service.ConfigService.resolveConfigWithHistory(ConfigService.java:76)
	at com.example.dynamicconfigdemo.service.ConfigService.resolveConfigWithHistory(ConfigService.java:76)
	at com.example.dynamicconfigdemo.service.ConfigService.resolveConfigWithHistory(ConfigService.java:76)
	at com.example.dynamicconfigdemo.service.ConfigService.resolveConfigWithHistory(ConfigService.java:76)
	at com.example.dynamicconfigdemo.service.ConfigService.resolveConfigWithHistory(ConfigService.java:76)
	at com.example.dynamicconfigdemo.service.ConfigService.resolveConfigWithHistory(ConfigService.java:76)
	at com.example.dynamicconfigdemo.service.ConfigService.resolveConfigWithHistory(ConfigService.java:76)
	at com.example.dynamicconfigdemo.service.ConfigService.resolveConfigWithHistory(ConfigService.java:76)
	at com.example.dynamicconfigdemo.service.ConfigService.resolveConfigWithHistory(ConfigService.java:76)
	at com.example.dynamicconfigdemo.service.ConfigService.resolveConfigWithHistory(ConfigService.java:76)
	at com.example.dynamicconfigdemo.service.ConfigService.resolveConfigWithHistory(ConfigService.java:76)
	at com.example.dynamicconfigdemo.service.ConfigService.resolveConfigWithHistory(ConfigService.java:76)
	at com.example.dynamicconfigdemo.service.ConfigService.resolveConfigWithHistory(ConfigService.java:76)
	at com.example.dynamicconfigdemo.service.ConfigService.resolveConfigWithHistory(ConfigService.java:76)
	at com.example.dynamicconfigdemo.service.ConfigService.resolveConfigWithHistory(ConfigService.java:76)
	at com.example.dynamicconfigdemo.service.ConfigService.resolveConfigWithHistory(ConfigService.java:76)
	at com.example.dynamicconfigdemo.service.ConfigService.resolveConfigWithHistory(ConfigService.java:76)
	at com.example.dynamicconfigdemo.service.ConfigService.resolveConfigWithHistory(ConfigService.java:76)
	at com.example.dynamicconfigdemo.service.ConfigService.resolveConfigWithHistory(ConfigService.java:76)
	at com.example.dynamicconfigdemo.service.ConfigService.resolveConfigWithHistory(ConfigService.java:76)
	at com.example.dynamicconfigdemo.service.ConfigService.resolveConfigWithHistory(ConfigService.java:76)
	at com.example.dynamicconfigdemo.service.ConfigService.resolveConfigWithHistory(ConfigService.java:76)
	at com.example.dynamicconfigdemo.service.ConfigService.resolveConfigWithHistory(ConfigService.java:76)
	at com.example.dynamicconfigdemo.service.ConfigService.resolveConfigWithHistory(ConfigService.java:76)
	at com.example.dynamicconfigdemo.service.ConfigService.resolveConfigWithHistory(ConfigService.java:76)
	at com.example.dynamicconfigdemo.service.ConfigService.resolveConfigWithHistory(ConfigService.java:76)
	at com.example.dynamicconfigdemo.service.ConfigService.resolveConfigWithHistory(ConfigService.java:76)
	at com.example.dynamicconfigdemo.service.ConfigService.resolveConfigWithHistory(ConfigService.java:76)
	at com.example.dynamicconfigdemo.service.ConfigService.resolveConfigWithHistory(ConfigService.java:76)
	at com.example.dynamicconfigdemo.service.ConfigService.resolveConfigWithHistory(ConfigService.java:76)
	at com.example.dynamicconfigdemo.service.ConfigService.resolveConfigWithHistory(ConfigService.java:76)
	at com.example.dynamicconfigdemo.service.ConfigService.resolveConfigWithHistory(ConfigService.java:76)
	at com.example.dynamicconfigdemo.service.ConfigService.resolveConfigWithHistory(ConfigService.java:76)
	at com.example.dynamicconfigdemo.service.ConfigService.resolveConfigWithHistory(ConfigService.java:76)
	at com.example.dynamicconfigdemo.service.ConfigService.resolveConfigWithHistory(ConfigService.java:76)
	at com.example.dynamicconfigdemo.service.ConfigService.resolveConfigWithHistory(ConfigService.java:76)
	at com.example.dynamicconfigdemo.service.ConfigService.resolveConfigWithHistory(ConfigService.java:76)
	at com.example.dynamicconfigdemo.service.ConfigService.resolveConfigWithHistory(ConfigService.java:76)
	at com.example.dynamicconfigdemo.service.ConfigService.resolveConfigWithHistory(ConfigService.java:76)
	at com.example.dynamicconfigdemo.service.ConfigService.resolveConfigWithHistory(ConfigService.java:76)
	at com.example.dynamicconfigdemo.service.ConfigService.resolveConfigWithHistory(ConfigService.java:76)
	at com.example.dynamicconfigdemo.service.ConfigService.resolveConfigWithHistory(ConfigService.java:76)
	at com.example.dynamicconfigdemo.service.ConfigService.resolveConfigWithHistory(ConfigService.java:76)
	at com.example.dynamicconfigdemo.service.ConfigService.resolveConfigWithHistory(ConfigService.java:76)
	at com.example.dynamicconfigdemo.service.ConfigService.resolveConfigWithHistory(ConfigService.java:76)
	at com.example.dynamicconfigdemo.service.ConfigService.resolveConfigWithHistory(ConfigService.java:76)
	at com.example.dynamicconfigdemo.service.ConfigService.resolveConfigWithHistory(ConfigService.java:76)
	at com.example.dynamicconfigdemo.service.ConfigService.resolveConfigWithHistory(ConfigService.java:76)
	at com.example.dynamicconfigdemo.service.ConfigService.resolveConfigWithHistory(ConfigService.java:76)
	at com.example.dynamicconfigdemo.service.ConfigService.resolveConfigWithHistory(ConfigService.java:76)
	at com.example.dynamicconfigdemo.service.ConfigService.resolveConfigWithHistory(ConfigService.java:76)
	at com.example.dynamicconfigdemo.service.ConfigService.resolveConfigWithHistory(ConfigService.java:76)
	at com.example.dynamicconfigdemo.service.ConfigService.resolveConfigWithHistory(ConfigService.java:76)
	at com.example.dynamicconfigdemo.service.ConfigService.resolveConfigWithHistory(ConfigService.java:76)
	at com.example.dynamicconfigdemo.service.ConfigService.resolveConfigWithHistory(ConfigService.java:76)
	at com.example.dynamicconfigdemo.service.ConfigService.resolveConfigWithHistory(ConfigService.java:76)
	at com.example.dynamicconfigdemo.service.ConfigService.resolveConfigWithHistory(ConfigService.java:76)
	at com.example.dynamicconfigdemo.service.ConfigService.resolveConfigWithHistory(ConfigService.java:76)
	at com.example.dynamicconfigdemo.service.ConfigService.resolveConfigWithHistory(ConfigService.java:76)
	at com.example.dynamicconfigdemo.service.ConfigService.resolveConfigWithHistory(ConfigService.java:76)
	at com.example.dynamicconfigdemo.service.ConfigService.resolveConfigWithHistory(ConfigService.java:76)
	at com.example.dynamicconfigdemo.service.ConfigService.resolveConfigWithHistory(ConfigService.java:76)
	at com.example.dynamicconfigdemo.service.ConfigService.resolveConfigWithHistory(ConfigService.java:76)
	at com.example.dynamicconfigdemo.service.ConfigService.resolveConfigWithHistory(ConfigService.java:76)
	at com.example.dynamicconfigdemo.service.ConfigService.resolveConfigWithHistory(ConfigService.java:76)
	at com.example.dynamicconfigdemo.service.ConfigService.resolveConfigWithHistory(ConfigService.java:76)
	at com.example.dynamicconfigdemo.service.ConfigService.resolveConfigWithHistory(ConfigService.java:76)
	at com.example.dynamicconfigdemo.service.ConfigService.resolveConfigWithHistory(ConfigService.java:76)
	at com.example.dynamicconfigdemo.service.ConfigService.resolveConfigWithHistory(ConfigService.java:76)
	at com.example.dynamicconfigdemo.service.ConfigService.resolveConfigWithHistory(ConfigService.java:76)
	at com.example.dynamicconfigdemo.service.ConfigService.resolveConfigWithHistory(ConfigService.java:76)
	at com.example.dynamicconfigdemo.service.ConfigService.resolveConfigWithHistory(ConfigService.java:76)
	at com.example.dynamicconfigdemo.service.ConfigService.resolveConfigWithHistory(ConfigService.java:76)
	at com.example.dynamicconfigdemo.service.ConfigService.resolveConfigWithHistory(ConfigService.java:76)
	at com.example.dynamicconfigdemo.service.ConfigService.resolveConfigWithHistory(ConfigService.java:76)
	at com.example.dynamicconfigdemo.service.ConfigService.resolveConfigWithHistory(ConfigService.java:76)
	at com.example.dynamicconfigdemo.service.ConfigService.resolveConfigWithHistory(ConfigService.java:76)
	at com.example.dynamicconfigdemo.service.ConfigService.resolveConfigWithHistory(ConfigService.java:76)
	at com.example.dynamicconfigdemo.service.ConfigService.resolveConfigWithHistory(ConfigService.java:76)
	at com.example.dynamicconfigdemo.service.ConfigService.resolveConfigWithHistory(ConfigService.java:76)
	at com.example.dynamicconfigdemo.service.ConfigService.resolveConfigWithHistory(ConfigService.java:76)
	at com.example.dynamicconfigdemo.service.ConfigService.resolveConfigWithHistory(ConfigService.java:76)
	at com.example.dynamicconfigdemo.service.ConfigService.resolveConfigWithHistory(ConfigService.java:76)
	at com.example.dynamicconfigdemo.service.ConfigService.resolveConfigWithHistory(ConfigService.java:76)
	at com.example.dynamicconfigdemo.service.ConfigService.resolveConfigWithHistory(ConfigService.java:76)
	at com.example.dynamicconfigdemo.service.ConfigService.resolveConfigWithHistory(ConfigService.java:76)
	at com.example.dynamicconfigdemo.service.ConfigService.resolveConfigWithHistory(ConfigService.java:76)
	at com.example.dynamicconfigdemo.service.ConfigService.resolveConfigWithHistory(ConfigService.java:76)
	at com.example.dynamicconfigdemo.service.ConfigService.resolveConfigWithHistory(ConfigService.java:76)
	at com.example.dynamicconfigdemo.service.ConfigService.resolveConfigWithHistory(ConfigService.java:76)
	at com.example.dynamicconfigdemo.service.ConfigService.resolveConfigWithHistory(ConfigService.java:76)
	at com.example.dynamicconfigdemo.service.ConfigService.resolveConfigWithHistory(ConfigService.java:76)
	at com.example.dynamicconfigdemo.service.ConfigService.resolveConfigWithHistory(ConfigService.java:76)
	at com.example.dynamicconfigdemo.service.ConfigService.resolveConfigWithHistory(ConfigService.java:76)
	at com.example.dynamicconfigdemo.service.ConfigService.resolveConfigWithHistory(ConfigService.java:76)
	at com.example.dynamicconfigdemo.service.ConfigService.resolveConfigWithHistory(ConfigService.java:76)
	at com.example.dynamicconfigdemo.service.ConfigService.resolveConfigWithHistory(ConfigService.java:76)
	at com.example.dynamicconfigdemo.service.ConfigService.resolveConfigWithHistory(ConfigService.java:76)
	at com.example.dynamicconfigdemo.service.ConfigService.resolveConfigWithHistory(ConfigService.java:76)
	at com.example.dynamicconfigdemo.service.ConfigService.resolveConfigWithHistory(ConfigService.java:76)
	at com.example.dynamicconfigdemo.service.ConfigService.resolveConfigWithHistory(ConfigService.java:76)
	at com.example.dynamicconfigdemo.service.ConfigService.resolveConfigWithHistory(ConfigService.java:76)
	at com.example.dynamicconfigdemo.service.ConfigService.resolveConfigWithHistory(ConfigService.java:76)
	at com.example.dynamicconfigdemo.service.ConfigService.resolveConfigWithHistory(ConfigService.java:76)
	at com.example.dynamicconfigdemo.service.ConfigService.resolveConfigWithHistory(ConfigService.java:76)
	at com.example.dynamicconfigdemo.service.ConfigService.resolveConfigWithHistory(ConfigService.java:76)
	at com.example.dynamicconfigdemo.service.ConfigService.resolveConfigWithHistory(ConfigService.java:76)
	at com.example.dynamicconfigdemo.service.ConfigService.resolveConfigWithHistory(ConfigService.java:76)
	at com.example.dynamicconfigdemo.service.ConfigService.resolveConfigWithHistory(ConfigService.java:76)
	at com.example.dynamicconfigdemo.service.ConfigService.resolveConfigWithHistory(ConfigService.java:76)
	at com.example.dynamicconfigdemo.service.ConfigService.resolveConfigWithHistory(ConfigService.java:76)
	at com.example.dynamicconfigdemo.service.ConfigService.resolveConfigWithHistory(ConfigService.java:76)
	at com.example.dynamicconfigdemo.service.ConfigService.resolveConfigWithHistory(ConfigService.java:76)
	at com.example.dynamicconfigdemo.service.ConfigService.resolveConfigWithHistory(ConfigService.java:76)
	at com.example.dynamicconfigdemo.service.ConfigService.resolveConfigWithHistory(ConfigService.java:76)
	at com.example.dynamicconfigdemo.service.ConfigService.resolveConfigWithHistory(ConfigService.java:76)
	at com.example.dynamicconfigdemo.service.ConfigService.resolveConfigWithHistory(ConfigService.java:76)
	at com.example.dynamicconfigdemo.service.ConfigService.resolveConfigWithHistory(ConfigService.java:76)
	at com.example.dynamicconfigdemo.service.ConfigService.resolveConfigWithHistory(ConfigService.java:76)
	at com.example.dynamicconfigdemo.service.ConfigService.resolveConfigWithHistory(ConfigService.java:76)
	at com.example.dynamicconfigdemo.service.ConfigService.resolveConfigWithHistory(ConfigService.java:76)
	at com.example.dynamicconfigdemo.service.ConfigService.resolveConfigWithHistory(ConfigService.java:76)
	at com.example.dynamicconfigdemo.service.ConfigService.resolveConfigWithHistory(ConfigService.java:76)
	at com.example.dynamicconfigdemo.service.ConfigService.resolveConfigWithHistory(ConfigService.java:76)
	at com.example.dynamicconfigdemo.service.ConfigService.resolveConfigWithHistory(ConfigService.java:76)
	at com.example.dynamicconfigdemo.service.ConfigService.resolveConfigWithHistory(ConfigService.java:76)
	at com.example.dynamicconfigdemo.service.ConfigService.resolveConfigWithHistory(ConfigService.java:76)
	at com.example.dynamicconfigdemo.service.ConfigService.resolveConfigWithHistory(ConfigService.java:76)
	at com.example.dynamicconfigdemo.service.ConfigService.resolveConfigWithHistory(ConfigService.java:76)
	at com.example.dynamicconfigdemo.service.ConfigService.resolveConfigWithHistory(ConfigService.java:76)
	at com.example.dynamicconfigdemo.service.ConfigService.resolveConfigWithHistory(ConfigService.java:76)
	at com.example.dynamicconfigdemo.service.ConfigService.resolveConfigWithHistory(ConfigService.java:76)
	at com.example.dynamicconfigdemo.service.ConfigService.resolveConfigWithHistory(ConfigService.java:76)
	at com.example.dynamicconfigdemo.service.ConfigService.resolveConfigWithHistory(ConfigService.java:76)
	at com.example.dynamicconfigdemo.service.ConfigService.resolveConfigWithHistory(ConfigService.java:76)
	at com.example.dynamicconfigdemo.service.ConfigService.resolveConfigWithHistory(ConfigService.java:76)
	at com.example.dynamicconfigdemo.service.ConfigService.resolveConfigWithHistory(ConfigService.java:76)
	at com.example.dynamicconfigdemo.service.ConfigService.resolveConfigWithHistory(ConfigService.java:76)
	at com.example.dynamicconfigdemo.service.ConfigService.resolveConfigWithHistory(ConfigService.java:76)
	at com.example.dynamicconfigdemo.service.ConfigService.resolveConfigWithHistory(ConfigService.java:76)
	at com.example.dynamicconfigdemo.service.ConfigService.resolveConfigWithHistory(ConfigService.java:76)
	at com.example.dynamicconfigdemo.service.ConfigService.resolveConfigWithHistory(ConfigService.java:76)
	at com.example.dynamicconfigdemo.service.ConfigService.resolveConfigWithHistory(ConfigService.java:76)
	at com.example.dynamicconfigdemo.service.ConfigService.resolveConfigWithHistory(ConfigService.java:76)
	at com.example.dynamicconfigdemo.service.ConfigService.resolveConfigWithHistory(ConfigService.java:76)
	at com.example.dynamicconfigdemo.service.ConfigService.resolveConfigWithHistory(ConfigService.java:76)
	at com.example.dynamicconfigdemo.service.ConfigService.resolveConfigWithHistory(ConfigService.java:76)
	at com.example.dynamicconfigdemo.service.ConfigService.resolveConfigWithHistory(ConfigService.java:76)
	at com.example.dynamicconfigdemo.service.ConfigService.resolveConfigWithHistory(ConfigService.java:76)
	at com.example.dynamicconfigdemo.service.ConfigService.resolveConfigWithHistory(ConfigService.java:76)
	at com.example.dynamicconfigdemo.service.ConfigService.resolveConfigWithHistory(ConfigService.java:76)
	at com.example.dynamicconfigdemo.service.ConfigService.resolveConfigWithHistory(ConfigService.java:76)
	at com.example.dynamicconfigdemo.service.ConfigService.resolveConfigWithHistory(ConfigService.java:76)
	at com.example.dynamicconfigdemo.service.ConfigService.resolveConfigWithHistory(ConfigService.java:76)
	at com.example.dynamicconfigdemo.service.ConfigService.resolveConfigWithHistory(ConfigService.java:76)
	at com.example.dynamicconfigdemo.service.ConfigService.resolveConfigWithHistory(ConfigService.java:76)
	at com.example.dynamicconfigdemo.service.ConfigService.resolveConfigWithHistory(ConfigService.java:76)
	at com.example.dynamicconfigdemo.service.ConfigService.resolveConfigWithHistory(ConfigService.java:76)
	at com.example.dynamicconfigdemo.service.ConfigService.resolveConfigWithHistory(ConfigService.java:76)
	at com.example.dynamicconfigdemo.service.ConfigService.resolveConfigWithHistory(ConfigService.java:76)
	at com.example.dynamicconfigdemo.service.ConfigService.resolveConfigWithHistory(ConfigService.java:76)
	at com.example.dynamicconfigdemo.service.ConfigService.resolveConfigWithHistory(ConfigService.java:76)
	at com.example.dynamicconfigdemo.service.ConfigService.resolveConfigWithHistory(ConfigService.java:76)
	at com.example.dynamicconfigdemo.service.ConfigService.resolveConfigWithHistory(ConfigService.java:76)
	at com.example.dynamicconfigdemo.service.ConfigService.resolveConfigWithHistory(ConfigService.java:76)
	at com.example.dynamicconfigdemo.service.ConfigService.resolveConfigWithHistory(ConfigService.java:76)
	at com.example.dynamicconfigdemo.service.ConfigService.resolveConfigWithHistory(ConfigService.java:76)
	at com.example.dynamicconfigdemo.service.ConfigService.resolveConfigWithHistory(ConfigService.java:76)
	at com.example.dynamicconfigdemo.service.ConfigService.resolveConfigWithHistory(ConfigService.java:76)
	at com.example.dynamicconfigdemo.service.ConfigService.resolveConfigWithHistory(ConfigService.java:76)
	at com.example.dynamicconfigdemo.service.ConfigService.resolveConfigWithHistory(ConfigService.java:76)
	at com.example.dynamicconfigdemo.service.ConfigService.resolveConfigWithHistory(ConfigService.java:76)
	at com.example.dynamicconfigdemo.service.ConfigService.resolveConfigWithHistory(ConfigService.java:76)
	at com.example.dynamicconfigdemo.service.ConfigService.resolveConfigWithHistory(ConfigService.java:76)
	at com.example.dynamicconfigdemo.service.ConfigService.resolveConfigWithHistory(ConfigService.java:76)
	at com.example.dynamicconfigdemo.service.ConfigService.resolveConfigWithHistory(ConfigService.java:76)
	at com.example.dynamicconfigdemo.service.ConfigService.resolveConfigWithHistory(ConfigService.java:76)
	at com.example.dynamicconfigdemo.service.ConfigService.resolveConfigWithHistory(ConfigService.java:76)
	at com.example.dynamicconfigdemo.service.ConfigService.resolveConfigWithHistory(ConfigService.java:76)
	at com.example.dynamicconfigdemo.service.ConfigService.resolveConfigWithHistory(ConfigService.java:76)
	at com.example.dynamicconfigdemo.service.ConfigService.resolveConfigWithHistory(ConfigService.java:76)
	at com.example.dynamicconfigdemo.service.ConfigService.resolveConfigWithHistory(ConfigService.java:76)
	at com.example.dynamicconfigdemo.service.ConfigService.resolveConfigWithHistory(ConfigService.java:76)
	at com.example.dynamicconfigdemo.service.ConfigService.resolveConfigWithHistory(ConfigService.java:76)
	at com.example.dynamicconfigdemo.service.ConfigService.resolveConfigWithHistory(ConfigService.java:76)
	at com.example.dynamicconfigdemo.service.ConfigService.resolveConfigWithHistory(ConfigService.java:76)
	at com.example.dynamicconfigdemo.service.ConfigService.resolveConfigWithHistory(ConfigService.java:76)
	at com.example.dynamicconfigdemo.service.ConfigService.resolveConfigWithHistory(ConfigService.java:76)
	at com.example.dynamicconfigdemo.service.ConfigService.resolveConfigWithHistory(ConfigService.java:76)
	at com.example.dynamicconfigdemo.service.ConfigService.resolveConfigWithHistory(ConfigService.java:76)
	at com.example.dynamicconfigdemo.service.ConfigService.resolveConfigWithHistory(ConfigService.java:76)
	at com.example.dynamicconfigdemo.service.ConfigService.resolveConfigWithHistory(ConfigService.java:76)
	at com.example.dynamicconfigdemo.service.ConfigService.resolveConfigWithHistory(ConfigService.java:76)
	at com.example.dynamicconfigdemo.service.ConfigService.resolveConfigWithHistory(ConfigService.java:76)
	at com.example.dynamicconfigdemo.service.ConfigService.resolveConfigWithHistory(ConfigService.java:76)
	at com.example.dynamicconfigdemo.service.ConfigService.resolveConfigWithHistory(ConfigService.java:76)
	at com.example.dynamicconfigdemo.service.ConfigService.resolveConfigWithHistory(ConfigService.java:76)
	at com.example.dynamicconfigdemo.service.ConfigService.resolveConfigWithHistory(ConfigService.java:76)
	at com.example.dynamicconfigdemo.service.ConfigService.resolveConfigWithHistory(ConfigService.java:76)
	at com.example.dynamicconfigdemo.service.ConfigService.resolveConfigWithHistory(ConfigService.java:76)
	at com.example.dynamicconfigdemo.service.ConfigService.resolveConfigWithHistory(ConfigService.java:76)
	at com.example.dynamicconfigdemo.service.ConfigService.resolveConfigWithHistory(ConfigService.java:76)
	at com.example.dynamicconfigdemo.service.ConfigService.resolveConfigWithHistory(ConfigService.java:76)
	at com.example.dynamicconfigdemo.service.ConfigService.resolveConfigWithHistory(ConfigService.java:76)
	at com.example.dynamicconfigdemo.service.ConfigService.resolveConfigWithHistory(ConfigService.java:76)
	at com.example.dynamicconfigdemo.service.ConfigService.resolveConfigWithHistory(ConfigService.java:76)
	at com.example.dynamicconfigdemo.service.ConfigService.resolveConfigWithHistory(ConfigService.java:76)
	at com.example.dynamicconfigdemo.service.ConfigService.resolveConfigWithHistory(ConfigService.java:76)
	at com.example.dynamicconfigdemo.service.ConfigService.resolveConfigWithHistory(ConfigService.java:76)
	at com.example.dynamicconfigdemo.service.ConfigService.resolveConfigWithHistory(ConfigService.java:76)
	at com.example.dynamicconfigdemo.service.ConfigService.resolveConfigWithHistory(ConfigService.java:76)
	at com.example.dynamicconfigdemo.service.ConfigService.resolveConfigWithHistory(ConfigService.java:76)
	at com.example.dynamicconfigdemo.service.ConfigService.resolveConfigWithHistory(ConfigService.java:76)
	at com.example.dynamicconfigdemo.service.ConfigService.resolveConfigWithHistory(ConfigService.java:76)
	at com.example.dynamicconfigdemo.service.ConfigService.resolveConfigWithHistory(ConfigService.java:76)
	at com.example.dynamicconfigdemo.service.ConfigService.resolveConfigWithHistory(ConfigService.java:76)
	at com.example.dynamicconfigdemo.service.ConfigService.resolveConfigWithHistory(ConfigService.java:76)
	at com.example.dynamicconfigdemo.service.ConfigService.resolveConfigWithHistory(ConfigService.java:76)
	at com.example.dynamicconfigdemo.service.ConfigService.resolveConfigWithHistory(ConfigService.java:76)
	at com.example.dynamicconfigdemo.service.ConfigService.resolveConfigWithHistory(ConfigService.java:76)
	at com.example.dynamicconfigdemo.service.ConfigService.resolveConfigWithHistory(ConfigService.java:76)
	at com.example.dynamicconfigdemo.service.ConfigService.resolveConfigWithHistory(ConfigService.java:76)
	at com.example.dynamicconfigdemo.service.ConfigService.resolveConfigWithHistory(ConfigService.java:76)
	at com.example.dynamicconfigdemo.service.ConfigService.resolveConfigWithHistory(ConfigService.java:76)
	at com.example.dynamicconfigdemo.service.ConfigService.resolveConfigWithHistory(ConfigService.java:76)
	at com.example.dynamicconfigdemo.service.ConfigService.resolveConfigWithHistory(ConfigService.java:76)
	at com.example.dynamicconfigdemo.service.ConfigService.resolveConfigWithHistory(ConfigService.java:76)
	at com.example.dynamicconfigdemo.service.ConfigService.resolveConfigWithHistory(ConfigService.java:76)
	at com.example.dynamicconfigdemo.service.ConfigService.resolveConfigWithHistory(ConfigService.java:76)
	at com.example.dynamicconfigdemo.service.ConfigService.resolveConfigWithHistory(ConfigService.java:76)
	at com.example.dynamicconfigdemo.service.ConfigService.resolveConfigWithHistory(ConfigService.java:76)
	at com.example.dynamicconfigdemo.service.ConfigService.resolveConfigWithHistory(ConfigService.java:76)
	at com.example.dynamicconfigdemo.service.ConfigService.resolveConfigWithHistory(ConfigService.java:76)
	at com.example.dynamicconfigdemo.service.ConfigService.resolveConfigWithHistory(ConfigService.java:76)
	at com.example.dynamicconfigdemo.service.ConfigService.resolveConfigWithHistory(ConfigService.java:76)
	at com.example.dynamicconfigdemo.service.ConfigService.resolveConfigWithHistory(ConfigService.java:76)
	at com.example.dynamicconfigdemo.service.ConfigService.resolveConfigWithHistory(ConfigService.java:76)
	at com.example.dynamicconfigdemo.service.ConfigService.resolveConfigWithHistory(ConfigService.java:76)
	at com.example.dynamicconfigdemo.service.ConfigService.resolveConfigWithHistory(ConfigService.java:76)
	at com.example.dynamicconfigdemo.service.ConfigService.resolveConfigWithHistory(ConfigService.java:76)
	at com.example.dynamicconfigdemo.service.ConfigService.resolveConfigWithHistory(ConfigService.java:76)
	at com.example.dynamicconfigdemo.service.ConfigService.resolveConfigWithHistory(ConfigService.java:76)
	at com.example.dynamicconfigdemo.service.ConfigService.resolveConfigWithHistory(ConfigService.java:76)
	at com.example.dynamicconfigdemo.service.ConfigService.resolveConfigWithHistory(ConfigService.java:76)
	at com.example.dynamicconfigdemo.service.ConfigService.resolveConfigWithHistory(ConfigService.java:76)
	at com.example.dynamicconfigdemo.service.ConfigService.resolveConfigWithHistory(ConfigService.java:76)
	at com.example.dynamicconfigdemo.service.ConfigService.resolveConfigWithHistory(ConfigService.java:76)
	at com.example.dynamicconfigdemo.service.ConfigService.resolveConfigWithHistory(ConfigService.java:76)
	at com.example.dynamicconfigdemo.service.ConfigService.resolveConfigWithHistory(ConfigService.java:76)
	at com.example.dynamicconfigdemo.service.ConfigService.resolveConfigWithHistory(ConfigService.java:76)
	at com.example.dynamicconfigdemo.service.ConfigService.resolveConfigWithHistory(ConfigService.java:76)
	at com.example.dynamicconfigdemo.service.ConfigService.resolveConfigWithHistory(ConfigService.java:76)
	at com.example.dynamicconfigdemo.service.ConfigService.resolveConfigWithHistory(ConfigService.java:76)
	at com.example.dynamicconfigdemo.service.ConfigService.resolveConfigWithHistory(ConfigService.java:76)
	at com.example.dynamicconfigdemo.service.ConfigService.resolveConfigWithHistory(ConfigService.java:76)
	at com.example.dynamicconfigdemo.service.ConfigService.resolveConfigWithHistory(ConfigService.java:76)
	at com.example.dynamicconfigdemo.service.ConfigService.resolveConfigWithHistory(ConfigService.java:76)
	at com.example.dynamicconfigdemo.service.ConfigService.resolveConfigWithHistory(ConfigService.java:76)
	at com.example.dynamicconfigdemo.service.ConfigService.resolveConfigWithHistory(ConfigService.java:76)
	at com.example.dynamicconfigdemo.service.ConfigService.resolveConfigWithHistory(ConfigService.java:76)
	at com.example.dynamicconfigdemo.service.ConfigService.resolveConfigWithHistory(ConfigService.java:76)
	at com.example.dynamicconfigdemo.service.ConfigService.resolveConfigWithHistory(ConfigService.java:76)
	at com.example.dynamicconfigdemo.service.ConfigService.resolveConfigWithHistory(ConfigService.java:76)
	at com.example.dynamicconfigdemo.service.ConfigService.resolveConfigWithHistory(ConfigService.java:76)
	at com.example.dynamicconfigdemo.service.ConfigService.resolveConfigWithHistory(ConfigService.java:76)
	at com.example.dynamicconfigdemo.service.ConfigService.resolveConfigWithHistory(ConfigService.java:76)
	at com.example.dynamicconfigdemo.service.ConfigService.resolveConfigWithHistory(ConfigService.java:76)
	at com.example.dynamicconfigdemo.service.ConfigService.resolveConfigWithHistory(ConfigService.java:76)
	at com.example.dynamicconfigdemo.service.ConfigService.resolveConfigWithHistory(ConfigService.java:76)
	at com.example.dynamicconfigdemo.service.ConfigService.resolveConfigWithHistory(ConfigService.java:76)
	at com.example.dynamicconfigdemo.service.ConfigService.resolveConfigWithHistory(ConfigService.java:76)
	at com.example.dynamicconfigdemo.service.ConfigService.resolveConfigWithHistory(ConfigService.java:76)
	at com.example.dynamicconfigdemo.service.ConfigService.resolveConfigWithHistory(ConfigService.java:76)
[...]
	at com.example.dynamicconfigdemo.service.ConfigService.resolveConfigWithHistory(ConfigService.java:76)
	at com.example.dynamicconfigdemo.service.ConfigService.resolveConfigWithHistory(ConfigService.java:76)
	at com.example.dynamicconfigdemo.service.ConfigService.resolveConfigWithHistory(ConfigService.java:76)
	at com.example.dynamicconfigdemo.service.ConfigService.resolveConfigWithHistory(ConfigService.java:76)
	at com.example.dynamicconfigdemo.service.ConfigService.resolveConfigWithHistory(ConfigService.java:76)
	at com.example.dynamicconfigdemo.service.ConfigService.resolveConfigWithHistory(ConfigService.java:76)
	at com.example.dynamicconfigdemo.service.ConfigService.resolveConfigWithHistory(ConfigService.java:76)
	at com.example.dynamicconfigdemo.service.ConfigService.resolveConfigWithHistory(ConfigService.java:76)
	at com.example.dynamicconfigdemo.service.ConfigService.resolveConfigWithHistory(ConfigService.java:76)
	at com.example.dynamicconfigdemo.service.ConfigService.resolveConfigWithHistory(ConfigService.java:76)
	at com.example.dynamicconfigdemo.service.ConfigService.resolveConfigWithHistory(ConfigService.java:76)
	at com.example.dynamicconfigdemo.service.ConfigService.resolveConfigWithHistory(ConfigService.java:76)
	at com.example.dynamicconfigdemo.service.ConfigService.resolveConfigWithHistory(ConfigService.java:76)
	at com.example.dynamicconfigdemo.service.ConfigService.resolveConfigWithHistory(ConfigService.java:76)
	at com.example.dynamicconfigdemo.service.ConfigService.resolveConfigWithHistory(ConfigService.java:76)
	at com.example.dynamicconfigdemo.service.ConfigService.resolveConfigWithHistory(ConfigService.java:76)
	at com.example.dynamicconfigdemo.service.ConfigService.resolveConfigWithHistory(ConfigService.java:76)
	at com.example.dynamicconfigdemo.service.ConfigService.resolveConfigWithHistory(ConfigService.java:76)
	at com.example.dynamicconfigdemo.service.ConfigService.resolveConfigWithHistory(ConfigService.java:76)
	at com.example.dynamicconfigdemo.service.ConfigService.resolveConfigWithHistory(ConfigService.java:76)
	at com.example.dynamicconfigdemo.service.ConfigService.resolveConfigWithHistory(ConfigService.java:76)
	at com.example.dynamicconfigdemo.service.ConfigService.resolveConfigWithHistory(ConfigService.java:76)
	at com.example.dynamicconfigdemo.service.ConfigService.resolveConfigWithHistory(ConfigService.java:76)
	at com.example.dynamicconfigdemo.service.ConfigService.resolveConfigWithHistory(ConfigService.java:76)
	at com.example.dynamicconfigdemo.service.ConfigService.resolveConfigWithHistory(ConfigService.java:76)
	at com.example.dynamicconfigdemo.service.ConfigService.resolveConfigWithHistory(ConfigService.java:76)
	at com.example.dynamicconfigdemo.service.ConfigService.resolveConfigWithHistory(ConfigService.java:76)
	at com.example.dynamicconfigdemo.service.ConfigService.resolveConfigWithHistory(ConfigService.java:76)
	at com.example.dynamicconfigdemo.service.ConfigService.resolveConfigWithHistory(ConfigService.java:76)
	at com.example.dynamicconfigdemo.service.ConfigService.resolveConfigWithHistory(ConfigService.java:76)
	at com.example.dynamicconfigdemo.service.ConfigService.resolveConfigWithHistory(ConfigService.java:76)
	at com.example.dynamicconfigdemo.service.ConfigService.resolveConfigWithHistory(ConfigService.java:76)
	at com.example.dynamicconfigdemo.service.ConfigService.resolveConfigWithHistory(ConfigService.java:76)
	at com.example.dynamicconfigdemo.service.ConfigService.resolveConfigWithHistory(ConfigService.java:76)
	at com.example.dynamicconfigdemo.service.ConfigService.resolveConfigWithHistory(ConfigService.java:76)
	at com.example.dynamicconfigdemo.service.ConfigService.resolveConfigWithHistory(ConfigService.java:76)
	at com.example.dynamicconfigdemo.service.ConfigService.resolveConfigWithHistory(ConfigService.java:76)
	at com.example.dynamicconfigdemo.service.ConfigService.resolveConfigWithHistory(ConfigService.java:76)
	at com.example.dynamicconfigdemo.service.ConfigService.resolveConfigWithHistory(ConfigService.java:76)
	at com.example.dynamicconfigdemo.service.ConfigService.resolveConfigWithHistory(ConfigService.java:76)
	at com.example.dynamicconfigdemo.service.ConfigService.resolveConfigWithHistory(ConfigService.java:76)
	at com.example.dynamicconfigdemo.service.ConfigService.resolveConfigWithHistory(ConfigService.java:76)
	at com.example.dynamicconfigdemo.service.ConfigService.resolveConfigWithHistory(ConfigService.java:76)
	at com.example.dynamicconfigdemo.service.ConfigService.resolveConfigWithHistory(ConfigService.java:76)
	at com.example.dynamicconfigdemo.service.ConfigService.resolveConfigWithHistory(ConfigService.java:76)
	at com.example.dynamicconfigdemo.service.ConfigService.resolveConfigWithHistory(ConfigService.java:76)
	at com.example.dynamicconfigdemo.service.ConfigService.resolveConfigWithHistory(ConfigService.java:76)
	at com.example.dynamicconfigdemo.service.ConfigService.resolveConfigWithHistory(ConfigService.java:76)
	at com.example.dynamicconfigdemo.service.ConfigService.resolveConfigWithHistory(ConfigService.java:76)
	at com.example.dynamicconfigdemo.service.ConfigService.resolveConfigWithHistory(ConfigService.java:76)
	at com.example.dynamicconfigdemo.service.ConfigService.resolveConfigWithHistory(ConfigService.java:76)
	at com.example.dynamicconfigdemo.service.ConfigService.resolveConfigWithHistory(ConfigService.java:76)
	at com.example.dynamicconfigdemo.service.ConfigService.resolveConfigWithHistory(ConfigService.java:76)
	at com.example.dynamicconfigdemo.service.ConfigService.resolveConfigWithHistory(ConfigService.java:76)
	at com.example.dynamicconfigdemo.service.ConfigService.resolveConfigWithHistory(ConfigService.java:76)
	at com.example.dynamicconfigdemo.service.ConfigService.resolveConfigWithHistory(ConfigService.java:76)
	at com.example.dynamicconfigdemo.service.ConfigService.resolveConfigWithHistory(ConfigService.java:76)
	at com.example.dynamicconfigdemo.service.ConfigService.resolveConfigWithHistory(ConfigService.java:76)
	at com.example.dynamicconfigdemo.service.ConfigService.resolveConfigWithHistory(ConfigService.java:76)
	at com.example.dynamicconfigdemo.service.ConfigService.resolveConfigWithHistory(ConfigService.java:76)
	at com.example.dynamicconfigdemo.service.ConfigService.resolveConfigWithHistory(ConfigService.java:76)
	at com.example.dynamicconfigdemo.service.ConfigService.resolveConfigWithHistory(ConfigService.java:76)
	at com.example.dynamicconfigdemo.service.ConfigService.resolveConfigWithHistory(ConfigService.java:76)
	at com.example.dynamicconfigdemo.service.ConfigService.resolveConfigWithHistory(ConfigService.java:76)
	at com.example.dynamicconfigdemo.service.ConfigService.resolveConfigWithHistory(ConfigService.java:76)
	at com.example.dynamicconfigdemo.service.ConfigService.resolveConfigWithHistory(ConfigService.java:76)
	at com.example.dynamicconfigdemo.service.ConfigService.resolveConfigWithHistory(ConfigService.java:76)
	at com.example.dynamicconfigdemo.service.ConfigService.resolveConfigWithHistory(ConfigService.java:76)
	at com.example.dynamicconfigdemo.service.ConfigService.resolveConfigWithHistory(ConfigService.java:76)
	at com.example.dynamicconfigdemo.service.ConfigService.resolveConfigWithHistory(ConfigService.java:76)
	at com.example.dynamicconfigdemo.service.ConfigService.resolveConfigWithHistory(ConfigService.java:76)
	at com.example.dynamicconfigdemo.service.ConfigService.resolveConfigWithHistory(ConfigService.java:76)
	at com.example.dynamicconfigdemo.service.ConfigService.resolveConfigWithHistory(ConfigService.java:76)
	at com.example.dynamicconfigdemo.service.ConfigService.resolveConfigWithHistory(ConfigService.java:76)
	at com.example.dynamicconfigdemo.service.ConfigService.resolveConfigWithHistory(ConfigService.java:76)
	at com.example.dynamicconfigdemo.service.ConfigService.resolveConfigWithHistory(ConfigService.java:76)
	at com.example.dynamicconfigdemo.service.ConfigService.resolveConfigWithHistory(ConfigService.java:76)
	at com.example.dynamicconfigdemo.service.ConfigService.resolveConfigWithHistory(ConfigService.java:76)
	at com.example.dynamicconfigdemo.service.ConfigService.resolveConfigWithHistory(ConfigService.java:76)
	at com.example.dynamicconfigdemo.service.ConfigService.resolveConfigWithHistory(ConfigService.java:76)
	at com.example.dynamicconfigdemo.service.ConfigService.resolveConfigWithHistory(ConfigService.java:76)
	at com.example.dynamicconfigdemo.service.ConfigService.resolveConfigWithHistory(ConfigService.java:76)
	at com.example.dynamicconfigdemo.service.ConfigService.resolveConfigWithHistory(ConfigService.java:76)
	at com.example.dynamicconfigdemo.service.ConfigService.resolveConfigWithHistory(ConfigService.java:76)
	at com.example.dynamicconfigdemo.service.ConfigService.resolveConfigWithHistory(ConfigService.java:76)
	at com.example.dynamicconfigdemo.service.ConfigService.resolveConfigWithHistory(ConfigService.java:76)
	at com.example.dynamicconfigdemo.service.ConfigService.resolveConfigWithHistory(ConfigService.java:76)
	at com.example.dynamicconfigdemo.service.ConfigService.resolveConfigWithHistory(ConfigService.java:76)
	at com.example.dynamicconfigdemo.service.ConfigService.resolveConfigWithHistory(ConfigService.java:76)
	at com.example.dynamicconfigdemo.service.ConfigService.resolveConfigWithHistory(ConfigService.java:76)
	at com.example.dynamicconfigdemo.service.ConfigService.resolveConfigWithHistory(ConfigService.java:76)
	at com.example.dynamicconfigdemo.service.ConfigService.resolveConfigWithHistory(ConfigService.java:76)
	at com.example.dynamicconfigdemo.service.ConfigService.resolveConfigWithHistory(ConfigService.java:76)
	at com.example.dynamicconfigdemo.service.ConfigService.resolveConfigWithHistory(ConfigService.java:76)
	at com.example.dynamicconfigdemo.service.ConfigService.resolveConfigWithHistory(ConfigService.java:76)
	at com.example.dynamicconfigdemo.service.ConfigService.resolveConfigWithHistory(ConfigService.java:76)
	at com.example.dynamicconfigdemo.service.ConfigService.resolveConfigWithHistory(ConfigService.java:76)
	at com.example.dynamicconfigdemo.service.ConfigService.resolveConfigWithHistory(ConfigService.java:76)
	at com.example.dynamicconfigdemo.service.ConfigService.resolveConfigWithHistory(ConfigService.java:76)
	at com.example.dynamicconfigdemo.service.ConfigService.resolveConfigWithHistory(ConfigService.java:76)
	at com.example.dynamicconfigdemo.service.ConfigService.resolveConfigWithHistory(ConfigService.java:76)
	at com.example.dynamicconfigdemo.service.ConfigService.resolveConfigWithHistory(ConfigService.java:76)
	at com.example.dynamicconfigdemo.service.ConfigService.resolveConfigWithHistory(ConfigService.java:76)
	at com.example.dynamicconfigdemo.service.ConfigService.resolveConfigWithHistory(ConfigService.java:76)
	at com.example.dynamicconfigdemo.service.ConfigService.resolveConfigWithHistory(ConfigService.java:76)
	at com.example.dynamicconfigdemo.service.ConfigService.resolveConfigWithHistory(ConfigService.java:76)
	at com.example.dynamicconfigdemo.service.ConfigService.resolveConfigWithHistory(ConfigService.java:76)
	at com.example.dynamicconfigdemo.service.ConfigService.resolveConfigWithHistory(ConfigService.java:76)
	at com.example.dynamicconfigdemo.service.ConfigService.resolveConfigWithHistory(ConfigService.java:76)
	at com.example.dynamicconfigdemo.service.ConfigService.resolveConfigWithHistory(ConfigService.java:76)
	at com.example.dynamicconfigdemo.service.ConfigService.resolveConfigWithHistory(ConfigService.java:76)
	at com.example.dynamicconfigdemo.service.ConfigService.resolveConfigWithHistory(ConfigService.java:76)
	at com.example.dynamicconfigdemo.service.ConfigService.resolveConfigWithHistory(ConfigService.java:76)
	at com.example.dynamicconfigdemo.service.ConfigService.resolveConfigWithHistory(ConfigService.java:76)
	at com.example.dynamicconfigdemo.service.ConfigService.resolveConfigWithHistory(ConfigService.java:76)
	at com.example.dynamicconfigdemo.service.ConfigService.resolveConfigWithHistory(ConfigService.java:76)
	at com.example.dynamicconfigdemo.service.ConfigService.resolveConfigWithHistory(ConfigService.java:76)
	at com.example.dynamicconfigdemo.service.ConfigService.resolveConfigWithHistory(ConfigService.java:76)
	at com.example.dynamicconfigdemo.service.ConfigService.resolveConfigWithHistory(ConfigService.java:76)
	at com.example.dynamicconfigdemo.service.ConfigService.resolveConfigWithHistory(ConfigService.java:76)
	at com.example.dynamicconfigdemo.service.ConfigService.resolveConfigWithHistory(ConfigService.java:76)
	at com.example.dynamicconfigdemo.service.ConfigService.resolveConfigWithHistory(ConfigService.java:76)
	at com.example.dynamicconfigdemo.service.ConfigService.resolveConfigWithHistory(ConfigService.java:76)
	at com.example.dynamicconfigdemo.service.ConfigService.resolveConfigWithHistory(ConfigService.java:76)
	at com.example.dynamicconfigdemo.service.ConfigService.resolveConfigWithHistory(ConfigService.java:76)
	at com.example.dynamicconfigdemo.service.ConfigService.resolveConfigWithHistory(ConfigService.java:76)
	at com.example.dynamicconfigdemo.service.ConfigService.resolveConfigWithHistory(ConfigService.java:76)
	at com.example.dynamicconfigdemo.service.ConfigService.resolveConfigWithHistory(ConfigService.java:76)
	at com.example.dynamicconfigdemo.service.ConfigService.resolveConfigWithHistory(ConfigService.java:76)
	at com.example.dynamicconfigdemo.service.ConfigService.resolveConfigWithHistory(ConfigService.java:76)
	at com.example.dynamicconfigdemo.service.ConfigService.resolveConfigWithHistory(ConfigService.java:76)
	at com.example.dynamicconfigdemo.service.ConfigService.resolveConfigWithHistory(ConfigService.java:76)
	at com.example.dynamicconfigdemo.service.ConfigService.resolveConfigWithHistory(ConfigService.java:76)
	at com.example.dynamicconfigdemo.service.ConfigService.resolveConfigWithHistory(ConfigService.java:76)
	at com.example.dynamicconfigdemo.service.ConfigService.resolveConfigWithHistory(ConfigService.java:76)
	at com.example.dynamicconfigdemo.service.ConfigService.resolveConfigWithHistory(ConfigService.java:76)
	at com.example.dynamicconfigdemo.service.ConfigService.resolveConfigWithHistory(ConfigService.java:76)
	at com.example.dynamicconfigdemo.service.ConfigService.resolveConfigWithHistory(ConfigService.java:76)
	at com.example.dynamicconfigdemo.service.ConfigService.resolveConfigWithHistory(ConfigService.java:76)
	at com.example.dynamicconfigdemo.service.ConfigService.resolveConfigWithHistory(ConfigService.java:76)
	at com.example.dynamicconfigdemo.service.ConfigService.resolveConfigWithHistory(ConfigService.java:76)
	at com.example.dynamicconfigdemo.service.ConfigService.resolveConfigWithHistory(ConfigService.java:76)
	at com.example.dynamicconfigdemo.service.ConfigService.resolveConfigWithHistory(ConfigService.java:76)
	at com.example.dynamicconfigdemo.service.ConfigService.resolveConfigWithHistory(ConfigService.java:76)
	at com.example.dynamicconfigdemo.service.ConfigService.resolveConfigWithHistory(ConfigService.java:76)
	at com.example.dynamicconfigdemo.service.ConfigService.resolveConfigWithHistory(ConfigService.java:76)
	at com.example.dynamicconfigdemo.service.ConfigService.resolveConfigWithHistory(ConfigService.java:76)
	at com.example.dynamicconfigdemo.service.ConfigService.resolveConfigWithHistory(ConfigService.java:76)
	at com.example.dynamicconfigdemo.service.ConfigService.resolveConfigWithHistory(ConfigService.java:76)
	at com.example.dynamicconfigdemo.service.ConfigService.resolveConfigWithHistory(ConfigService.java:76)
	at com.example.dynamicconfigdemo.service.ConfigService.resolveConfigWithHistory(ConfigService.java:76)
	at com.example.dynamicconfigdemo.service.ConfigService.resolveConfigWithHistory(ConfigService.java:76)
	at com.example.dynamicconfigdemo.service.ConfigService.resolveConfigWithHistory(ConfigService.java:76)
	at com.example.dynamicconfigdemo.service.ConfigService.resolveConfigWithHistory(ConfigService.java:76)
	at com.example.dynamicconfigdemo.service.ConfigService.resolveConfigWithHistory(ConfigService.java:76)
	at com.example.dynamicconfigdemo.service.ConfigService.resolveConfigWithHistory(ConfigService.java:76)
	at com.example.dynamicconfigdemo.service.ConfigService.resolveConfigWithHistory(ConfigService.java:76)
	at com.example.dynamicconfigdemo.service.ConfigService.resolveConfigWithHistory(ConfigService.java:76)
	at com.example.dynamicconfigdemo.service.ConfigService.resolveConfigWithHistory(ConfigService.java:76)
	at com.example.dynamicconfigdemo.service.ConfigService.resolveConfigWithHistory(ConfigService.java:76)
	at com.example.dynamicconfigdemo.service.ConfigService.resolveConfigWithHistory(ConfigService.java:76)
	at com.example.dynamicconfigdemo.service.ConfigService.resolveConfigWithHistory(ConfigService.java:76)
	at com.example.dynamicconfigdemo.service.ConfigService.resolveConfigWithHistory(ConfigService.java:76)
	at com.example.dynamicconfigdemo.service.ConfigService.resolveConfigWithHistory(ConfigService.java:76)
	at com.example.dynamicconfigdemo.service.ConfigService.resolveConfigWithHistory(ConfigService.java:76)
	at com.example.dynamicconfigdemo.service.ConfigService.resolveConfigWithHistory(ConfigService.java:76)
	at com.example.dynamicconfigdemo.service.ConfigService.resolveConfigWithHistory(ConfigService.java:76)
	at com.example.dynamicconfigdemo.service.ConfigService.resolveConfigWithHistory(ConfigService.java:76)
	at com.example.dynamicconfigdemo.service.ConfigService.resolveConfigWithHistory(ConfigService.java:76)
	at com.example.dynamicconfigdemo.service.ConfigService.resolveConfigWithHistory(ConfigService.java:76)
	at com.example.dynamicconfigdemo.service.ConfigService.resolveConfigWithHistory(ConfigService.java:76)
	at com.example.dynamicconfigdemo.service.ConfigService.resolveConfigWithHistory(ConfigService.java:76)
	at com.example.dynamicconfigdemo.service.ConfigService.resolveConfigWithHistory(ConfigService.java:76)
	at com.example.dynamicconfigdemo.service.ConfigService.resolveConfigWithHistory(ConfigService.java:76)
	at com.example.dynamicconfigdemo.service.ConfigService.resolveConfigWithHistory(ConfigService.java:76)
	at com.example.dynamicconfigdemo.service.ConfigService.resolveConfigWithHistory(ConfigService.java:76)
	at com.example.dynamicconfigdemo.service.ConfigService.resolveConfigWithHistory(ConfigService.java:76)
	at com.example.dynamicconfigdemo.service.ConfigService.resolveConfigWithHistory(ConfigService.java:76)
	at com.example.dynamicconfigdemo.service.ConfigService.resolveConfigWithHistory(ConfigService.java:76)
	at com.example.dynamicconfigdemo.service.ConfigService.resolveConfigWithHistory(ConfigService.java:76)
	at com.example.dynamicconfigdemo.service.ConfigService.resolveConfigWithHistory(ConfigService.java:76)
	at com.example.dynamicconfigdemo.service.ConfigService.resolveConfigWithHistory(ConfigService.java:76)
	at com.example.dynamicconfigdemo.service.ConfigService.resolveConfigWithHistory(ConfigService.java:76)
	at com.example.dynamicconfigdemo.service.ConfigService.resolveConfigWithHistory(ConfigService.java:76)
	at com.example.dynamicconfigdemo.service.ConfigService.resolveConfigWithHistory(ConfigService.java:76)
	at com.example.dynamicconfigdemo.service.ConfigService.resolveConfigWithHistory(ConfigService.java:76)
	at com.example.dynamicconfigdemo.service.ConfigService.resolveConfigWithHistory(ConfigService.java:76)
	at com.example.dynamicconfigdemo.service.ConfigService.resolveConfigWithHistory(ConfigService.java:76)
	at com.example.dynamicconfigdemo.service.ConfigService.resolveConfigWithHistory(ConfigService.java:76)
	at com.example.dynamicconfigdemo.service.ConfigService.resolveConfigWithHistory(ConfigService.java:76)
	at com.example.dynamicconfigdemo.service.ConfigService.resolveConfigWithHistory(ConfigService.java:76)
	at com.example.dynamicconfigdemo.service.ConfigService.resolveConfigWithHistory(ConfigService.java:76)

